<?xml version="1.0" encoding="utf-8"?>
<coverage line-rate="0.4411" branch-rate="0.4007" version="1.9" timestamp="1775463001" lines-covered="607" lines-valid="1376" branches-covered="222" branches-valid="554">
  <sources>
    <source>D:\Playground\CrudKit\src\</source>
  </sources>
  <packages>
    <package name="CrudKit.Core" line-rate="0.4814" branch-rate="0.4318" complexity="172">
      <classes>
        <class name="CrudKit.Core.Tenancy.TenantContext" filename="CrudKit.Core\Tenancy\TenantContext.cs" line-rate="1" branch-rate="1" complexity="1">
          <methods>
            <method name="get_TenantId" signature="()" line-rate="1" branch-rate="1" complexity="1">
              <lines>
                <line number="11" hits="35" branch="False" />
              </lines>
            </method>
          </methods>
          <lines>
            <line number="11" hits="35" branch="False" />
          </lines>
        </class>
        <class name="CrudKit.Core.Serialization.OptionalJsonConverter`1" filename="CrudKit.Core\Serialization\OptionalJsonConverter.cs" line-rate="0" branch-rate="0" complexity="3">
          <methods>
            <method name="Read" signature="(System.Text.Json.Utf8JsonReader&amp;,System.Type,System.Text.Json.JsonSerializerOptions)" line-rate="0" branch-rate="1" complexity="1">
              <lines>
                <line number="10" hits="0" branch="False" />
                <line number="12" hits="0" branch="False" />
                <line number="13" hits="0" branch="False" />
                <line number="14" hits="0" branch="False" />
              </lines>
            </method>
            <method name="Write" signature="(System.Text.Json.Utf8JsonWriter,CrudKit.Core.Models.Optional`1&lt;T&gt;,System.Text.Json.JsonSerializerOptions)" line-rate="0" branch-rate="0" complexity="2">
              <lines>
                <line number="17" hits="0" branch="False" />
                <line number="18" hits="0" branch="True" condition-coverage="0% (0/2)">
                  <conditions>
                    <condition number="10" type="jump" coverage="0%" />
                  </conditions>
                </line>
                <line number="19" hits="0" branch="False" />
                <line number="21" hits="0" branch="False" />
                <line number="22" hits="0" branch="False" />
              </lines>
            </method>
          </methods>
          <lines>
            <line number="10" hits="0" branch="False" />
            <line number="12" hits="0" branch="False" />
            <line number="13" hits="0" branch="False" />
            <line number="14" hits="0" branch="False" />
            <line number="17" hits="0" branch="False" />
            <line number="18" hits="0" branch="True" condition-coverage="0% (0/2)">
              <conditions>
                <condition number="10" type="jump" coverage="0%" />
              </conditions>
            </line>
            <line number="19" hits="0" branch="False" />
            <line number="21" hits="0" branch="False" />
            <line number="22" hits="0" branch="False" />
          </lines>
        </class>
        <class name="CrudKit.Core.Serialization.OptionalJsonConverterFactory" filename="CrudKit.Core\Serialization\OptionalJsonConverterFactory.cs" line-rate="0" branch-rate="0" complexity="3">
          <methods>
            <method name="CanConvert" signature="(System.Type)" line-rate="0" branch-rate="0" complexity="2">
              <lines>
                <line number="11" hits="0" branch="True" condition-coverage="0% (0/2)">
                  <conditions>
                    <condition number="6" type="jump" coverage="0%" />
                  </conditions>
                </line>
                <line number="12" hits="0" branch="False" />
              </lines>
            </method>
            <method name="CreateConverter" signature="(System.Type,System.Text.Json.JsonSerializerOptions)" line-rate="0" branch-rate="1" complexity="1">
              <lines>
                <line number="15" hits="0" branch="False" />
                <line number="16" hits="0" branch="False" />
                <line number="17" hits="0" branch="False" />
                <line number="18" hits="0" branch="False" />
                <line number="19" hits="0" branch="False" />
              </lines>
            </method>
          </methods>
          <lines>
            <line number="11" hits="0" branch="True" condition-coverage="0% (0/2)">
              <conditions>
                <condition number="6" type="jump" coverage="0%" />
              </conditions>
            </line>
            <line number="12" hits="0" branch="False" />
            <line number="15" hits="0" branch="False" />
            <line number="16" hits="0" branch="False" />
            <line number="17" hits="0" branch="False" />
            <line number="18" hits="0" branch="False" />
            <line number="19" hits="0" branch="False" />
          </lines>
        </class>
        <class name="CrudKit.Core.Models.AppError" filename="CrudKit.Core\Models\AppError.cs" line-rate="1" branch-rate="1" complexity="10">
          <methods>
            <method name="get_StatusCode" signature="()" line-rate="1" branch-rate="1" complexity="1">
              <lines>
                <line number="9" hits="45" branch="False" />
              </lines>
            </method>
            <method name="get_Code" signature="()" line-rate="1" branch-rate="1" complexity="1">
              <lines>
                <line number="10" hits="30" branch="False" />
              </lines>
            </method>
            <method name="get_Details" signature="()" line-rate="1" branch-rate="1" complexity="1">
              <lines>
                <line number="11" hits="15" branch="False" />
              </lines>
            </method>
            <method name="NotFound" signature="(System.String)" line-rate="1" branch-rate="1" complexity="1">
              <lines>
                <line number="22" hits="6" branch="False" />
              </lines>
            </method>
            <method name="BadRequest" signature="(System.String)" line-rate="1" branch-rate="1" complexity="1">
              <lines>
                <line number="25" hits="5" branch="False" />
              </lines>
            </method>
            <method name="Unauthorized" signature="(System.String)" line-rate="1" branch-rate="1" complexity="1">
              <lines>
                <line number="28" hits="1" branch="False" />
              </lines>
            </method>
            <method name="Forbidden" signature="(System.String)" line-rate="1" branch-rate="1" complexity="1">
              <lines>
                <line number="31" hits="1" branch="False" />
              </lines>
            </method>
            <method name="Validation" signature="(CrudKit.Core.Models.ValidationErrors)" line-rate="1" branch-rate="1" complexity="1">
              <lines>
                <line number="34" hits="1" branch="False" />
              </lines>
            </method>
            <method name="Conflict" signature="(System.String)" line-rate="1" branch-rate="1" complexity="1">
              <lines>
                <line number="37" hits="1" branch="False" />
              </lines>
            </method>
            <method name=".ctor" signature="(System.Int32,System.String,System.String,System.Object)" line-rate="1" branch-rate="1" complexity="1">
              <lines>
                <line number="14" hits="15" branch="False" />
                <line number="15" hits="15" branch="False" />
                <line number="16" hits="15" branch="False" />
                <line number="17" hits="15" branch="False" />
                <line number="18" hits="15" branch="False" />
                <line number="19" hits="15" branch="False" />
              </lines>
            </method>
          </methods>
          <lines>
            <line number="9" hits="45" branch="False" />
            <line number="10" hits="30" branch="False" />
            <line number="11" hits="15" branch="False" />
            <line number="22" hits="6" branch="False" />
            <line number="25" hits="5" branch="False" />
            <line number="28" hits="1" branch="False" />
            <line number="31" hits="1" branch="False" />
            <line number="34" hits="1" branch="False" />
            <line number="37" hits="1" branch="False" />
            <line number="14" hits="15" branch="False" />
            <line number="15" hits="15" branch="False" />
            <line number="16" hits="15" branch="False" />
            <line number="17" hits="15" branch="False" />
            <line number="18" hits="15" branch="False" />
            <line number="19" hits="15" branch="False" />
          </lines>
        </class>
        <class name="CrudKit.Core.Models.AuditEntry" filename="CrudKit.Core\Models\AuditEntry.cs" line-rate="0" branch-rate="1" complexity="8">
          <methods>
            <method name="get_EntityType" signature="()" line-rate="0" branch-rate="1" complexity="1">
              <lines>
                <line number="8" hits="0" branch="False" />
              </lines>
            </method>
            <method name="get_EntityId" signature="()" line-rate="0" branch-rate="1" complexity="1">
              <lines>
                <line number="9" hits="0" branch="False" />
              </lines>
            </method>
            <method name="get_Action" signature="()" line-rate="0" branch-rate="1" complexity="1">
              <lines>
                <line number="12" hits="0" branch="False" />
              </lines>
            </method>
            <method name="get_UserId" signature="()" line-rate="0" branch-rate="1" complexity="1">
              <lines>
                <line number="14" hits="0" branch="False" />
              </lines>
            </method>
            <method name="get_Timestamp" signature="()" line-rate="0" branch-rate="1" complexity="1">
              <lines>
                <line number="15" hits="0" branch="False" />
              </lines>
            </method>
            <method name="get_OldValues" signature="()" line-rate="0" branch-rate="1" complexity="1">
              <lines>
                <line number="18" hits="0" branch="False" />
              </lines>
            </method>
            <method name="get_NewValues" signature="()" line-rate="0" branch-rate="1" complexity="1">
              <lines>
                <line number="21" hits="0" branch="False" />
              </lines>
            </method>
            <method name="get_ChangedFields" signature="()" line-rate="0" branch-rate="1" complexity="1">
              <lines>
                <line number="24" hits="0" branch="False" />
              </lines>
            </method>
          </methods>
          <lines>
            <line number="8" hits="0" branch="False" />
            <line number="9" hits="0" branch="False" />
            <line number="12" hits="0" branch="False" />
            <line number="14" hits="0" branch="False" />
            <line number="15" hits="0" branch="False" />
            <line number="18" hits="0" branch="False" />
            <line number="21" hits="0" branch="False" />
            <line number="24" hits="0" branch="False" />
          </lines>
        </class>
        <class name="CrudKit.Core.Models.FieldError" filename="CrudKit.Core\Models\FieldError.cs" line-rate="1" branch-rate="1" complexity="1">
          <methods>
            <method name="get_Field" signature="()" line-rate="1" branch-rate="1" complexity="1">
              <lines>
                <line number="3" hits="20" branch="False" />
              </lines>
            </method>
          </methods>
          <lines>
            <line number="3" hits="20" branch="False" />
          </lines>
        </class>
        <class name="CrudKit.Core.Models.FilterOp" filename="CrudKit.Core\Models\FilterOp.cs" line-rate="0.8076000000000001" branch-rate="0.6" complexity="14">
          <methods>
            <method name="get_Operator" signature="()" line-rate="1" branch-rate="1" complexity="1">
              <lines>
                <line number="10" hits="34" branch="False" />
              </lines>
            </method>
            <method name="get_Value" signature="()" line-rate="1" branch-rate="1" complexity="1">
              <lines>
                <line number="11" hits="27" branch="False" />
              </lines>
            </method>
            <method name="get_Values" signature="()" line-rate="0" branch-rate="1" complexity="1">
              <lines>
                <line number="12" hits="0" branch="False" />
              </lines>
            </method>
            <method name="Parse" signature="(System.String)" line-rate="0.7894" branch-rate="0.6" complexity="10">
              <lines>
                <line number="21" hits="10" branch="False" />
                <line number="22" hits="10" branch="True" condition-coverage="50% (1/2)">
                  <conditions>
                    <condition number="9" type="jump" coverage="50%" />
                  </conditions>
                </line>
                <line number="23" hits="0" branch="False" />
                <line number="25" hits="10" branch="True" condition-coverage="50% (1/2)">
                  <conditions>
                    <condition number="59" type="jump" coverage="50%" />
                  </conditions>
                </line>
                <line number="26" hits="0" branch="False" />
                <line number="28" hits="10" branch="False" />
                <line number="29" hits="10" branch="True" condition-coverage="100% (2/2)">
                  <conditions>
                    <condition number="114" type="jump" coverage="100%" />
                  </conditions>
                </line>
                <line number="30" hits="5" branch="False" />
                <line number="31" hits="5" branch="False" />
                <line number="32" hits="5" branch="True" condition-coverage="50% (1/2)">
                  <conditions>
                    <condition number="146" type="jump" coverage="50%" />
                  </conditions>
                </line>
                <line number="33" hits="5" branch="False" />
                <line number="34" hits="5" branch="False" />
                <line number="35" hits="5" branch="False" />
                <line number="37" hits="5" branch="True" condition-coverage="50% (1/2)">
                  <conditions>
                    <condition number="225" type="jump" coverage="50%" />
                  </conditions>
                </line>
                <line number="38" hits="0" branch="False" />
                <line number="40" hits="5" branch="False" />
                <line number="42" hits="0" branch="False" />
                <line number="44" hits="5" branch="False" />
                <line number="45" hits="10" branch="False" />
              </lines>
            </method>
            <method name=".cctor" signature="()" line-rate="1" branch-rate="1" complexity="1">
              <lines>
                <line number="14" hits="1" branch="False" />
                <line number="15" hits="1" branch="False" />
                <line number="17" hits="1" branch="False" />
                <line number="18" hits="1" branch="False" />
              </lines>
            </method>
          </methods>
          <lines>
            <line number="10" hits="34" branch="False" />
            <line number="11" hits="27" branch="False" />
            <line number="12" hits="0" branch="False" />
            <line number="21" hits="10" branch="False" />
            <line number="22" hits="10" branch="True" condition-coverage="50% (1/2)">
              <conditions>
                <condition number="9" type="jump" coverage="50%" />
              </conditions>
            </line>
            <line number="23" hits="0" branch="False" />
            <line number="25" hits="10" branch="True" condition-coverage="50% (1/2)">
              <conditions>
                <condition number="59" type="jump" coverage="50%" />
              </conditions>
            </line>
            <line number="26" hits="0" branch="False" />
            <line number="28" hits="10" branch="False" />
            <line number="29" hits="10" branch="True" condition-coverage="100% (2/2)">
              <conditions>
                <condition number="114" type="jump" coverage="100%" />
              </conditions>
            </line>
            <line number="30" hits="5" branch="False" />
            <line number="31" hits="5" branch="False" />
            <line number="32" hits="5" branch="True" condition-coverage="50% (1/2)">
              <conditions>
                <condition number="146" type="jump" coverage="50%" />
              </conditions>
            </line>
            <line number="33" hits="5" branch="False" />
            <line number="34" hits="5" branch="False" />
            <line number="35" hits="5" branch="False" />
            <line number="37" hits="5" branch="True" condition-coverage="50% (1/2)">
              <conditions>
                <condition number="225" type="jump" coverage="50%" />
              </conditions>
            </line>
            <line number="38" hits="0" branch="False" />
            <line number="40" hits="5" branch="False" />
            <line number="42" hits="0" branch="False" />
            <line number="44" hits="5" branch="False" />
            <line number="45" hits="10" branch="False" />
            <line number="14" hits="1" branch="False" />
            <line number="15" hits="1" branch="False" />
            <line number="17" hits="1" branch="False" />
            <line number="18" hits="1" branch="False" />
          </lines>
        </class>
        <class name="CrudKit.Core.Models.ListParams" filename="CrudKit.Core\Models\ListParams.cs" line-rate="0.84" branch-rate="0.6" complexity="26">
          <methods>
            <method name="get_Page" signature="()" line-rate="1" branch-rate="1" complexity="1">
              <lines>
                <line number="15" hits="68" branch="False" />
              </lines>
            </method>
            <method name="get_PerPage" signature="()" line-rate="1" branch-rate="1" complexity="1">
              <lines>
                <line number="16" hits="108" branch="False" />
              </lines>
            </method>
            <method name="get_Sort" signature="()" line-rate="1" branch-rate="1" complexity="1">
              <lines>
                <line number="17" hits="20" branch="False" />
              </lines>
            </method>
            <method name="get_Include" signature="()" line-rate="1" branch-rate="1" complexity="1">
              <lines>
                <line number="18" hits="20" branch="False" />
              </lines>
            </method>
            <method name="get_Filters" signature="()" line-rate="1" branch-rate="1" complexity="1">
              <lines>
                <line number="19" hits="54" branch="False" />
              </lines>
            </method>
            <method name="FromQuery" signature="(Microsoft.AspNetCore.Http.IQueryCollection)" line-rate="0.7777" branch-rate="0.6" complexity="20">
              <lines>
                <line number="22" hits="23" branch="False" />
                <line number="23" hits="23" branch="False" />
                <line number="25" hits="23" branch="True" condition-coverage="50% (3/6)">
                  <conditions>
                    <condition number="20" type="jump" coverage="50%" />
                    <condition number="35" type="jump" coverage="50%" />
                    <condition number="48" type="jump" coverage="50%" />
                  </conditions>
                </line>
                <line number="26" hits="0" branch="False" />
                <line number="28" hits="23" branch="True" condition-coverage="50% (3/6)">
                  <conditions>
                    <condition number="71" type="jump" coverage="50%" />
                    <condition number="86" type="jump" coverage="50%" />
                    <condition number="100" type="jump" coverage="50%" />
                  </conditions>
                </line>
                <line number="29" hits="0" branch="False" />
                <line number="31" hits="23" branch="True" condition-coverage="50% (1/2)">
                  <conditions>
                    <condition number="135" type="jump" coverage="50%" />
                  </conditions>
                </line>
                <line number="32" hits="0" branch="False" />
                <line number="34" hits="23" branch="True" condition-coverage="50% (1/2)">
                  <conditions>
                    <condition number="174" type="jump" coverage="50%" />
                  </conditions>
                </line>
                <line number="35" hits="0" branch="False" />
                <line number="37" hits="85" branch="True" condition-coverage="100% (2/2)">
                  <conditions>
                    <condition number="296" type="jump" coverage="100%" />
                  </conditions>
                </line>
                <line number="38" hits="8" branch="False" />
                <line number="39" hits="8" branch="True" condition-coverage="100% (2/2)">
                  <conditions>
                    <condition number="238" type="jump" coverage="100%" />
                  </conditions>
                </line>
                <line number="40" hits="8" branch="False" />
                <line number="41" hits="8" branch="False" />
                <line number="42" hits="8" branch="False" />
                <line number="44" hits="23" branch="False" />
                <line number="45" hits="23" branch="False" />
              </lines>
            </method>
            <method name=".cctor" signature="()" line-rate="1" branch-rate="1" complexity="1">
              <lines>
                <line number="12" hits="1" branch="False" />
                <line number="13" hits="1" branch="False" />
              </lines>
            </method>
          </methods>
          <lines>
            <line number="15" hits="68" branch="False" />
            <line number="16" hits="108" branch="False" />
            <line number="17" hits="20" branch="False" />
            <line number="18" hits="20" branch="False" />
            <line number="19" hits="54" branch="False" />
            <line number="22" hits="23" branch="False" />
            <line number="23" hits="23" branch="False" />
            <line number="25" hits="23" branch="True" condition-coverage="50% (3/6)">
              <conditions>
                <condition number="20" type="jump" coverage="50%" />
                <condition number="35" type="jump" coverage="50%" />
                <condition number="48" type="jump" coverage="50%" />
              </conditions>
            </line>
            <line number="26" hits="0" branch="False" />
            <line number="28" hits="23" branch="True" condition-coverage="50% (3/6)">
              <conditions>
                <condition number="71" type="jump" coverage="50%" />
                <condition number="86" type="jump" coverage="50%" />
                <condition number="100" type="jump" coverage="50%" />
              </conditions>
            </line>
            <line number="29" hits="0" branch="False" />
            <line number="31" hits="23" branch="True" condition-coverage="50% (1/2)">
              <conditions>
                <condition number="135" type="jump" coverage="50%" />
              </conditions>
            </line>
            <line number="32" hits="0" branch="False" />
            <line number="34" hits="23" branch="True" condition-coverage="50% (1/2)">
              <conditions>
                <condition number="174" type="jump" coverage="50%" />
              </conditions>
            </line>
            <line number="35" hits="0" branch="False" />
            <line number="37" hits="85" branch="True" condition-coverage="100% (2/2)">
              <conditions>
                <condition number="296" type="jump" coverage="100%" />
              </conditions>
            </line>
            <line number="38" hits="8" branch="False" />
            <line number="39" hits="8" branch="True" condition-coverage="100% (2/2)">
              <conditions>
                <condition number="238" type="jump" coverage="100%" />
              </conditions>
            </line>
            <line number="40" hits="8" branch="False" />
            <line number="41" hits="8" branch="False" />
            <line number="42" hits="8" branch="False" />
            <line number="44" hits="23" branch="False" />
            <line number="45" hits="23" branch="False" />
            <line number="12" hits="1" branch="False" />
            <line number="13" hits="1" branch="False" />
          </lines>
        </class>
        <class name="CrudKit.Core.Models.Optional`1" filename="CrudKit.Core\Models\Optional.cs" line-rate="0" branch-rate="1" complexity="6">
          <methods>
            <method name="get_HasValue" signature="()" line-rate="0" branch-rate="1" complexity="1">
              <lines>
                <line number="13" hits="0" branch="False" />
              </lines>
            </method>
            <method name="get_Value" signature="()" line-rate="0" branch-rate="1" complexity="1">
              <lines>
                <line number="14" hits="0" branch="False" />
              </lines>
            </method>
            <method name="get_Undefined" signature="()" line-rate="0" branch-rate="1" complexity="1">
              <lines>
                <line number="23" hits="0" branch="False" />
              </lines>
            </method>
            <method name="From" signature="(T)" line-rate="0" branch-rate="1" complexity="1">
              <lines>
                <line number="26" hits="0" branch="False" />
              </lines>
            </method>
            <method name="op_Implicit" signature="(T)" line-rate="0" branch-rate="1" complexity="1">
              <lines>
                <line number="28" hits="0" branch="False" />
              </lines>
            </method>
            <method name=".ctor" signature="(T,System.Boolean)" line-rate="0" branch-rate="1" complexity="1">
              <lines>
                <line number="17" hits="0" branch="False" />
                <line number="18" hits="0" branch="False" />
                <line number="19" hits="0" branch="False" />
                <line number="20" hits="0" branch="False" />
              </lines>
            </method>
          </methods>
          <lines>
            <line number="13" hits="0" branch="False" />
            <line number="14" hits="0" branch="False" />
            <line number="23" hits="0" branch="False" />
            <line number="26" hits="0" branch="False" />
            <line number="28" hits="0" branch="False" />
            <line number="17" hits="0" branch="False" />
            <line number="18" hits="0" branch="False" />
            <line number="19" hits="0" branch="False" />
            <line number="20" hits="0" branch="False" />
          </lines>
        </class>
        <class name="CrudKit.Core.Models.Paginated`1" filename="CrudKit.Core\Models\Paginated.cs" line-rate="1" branch-rate="1" complexity="5">
          <methods>
            <method name="get_Data" signature="()" line-rate="1" branch-rate="1" complexity="1">
              <lines>
                <line number="8" hits="60" branch="False" />
              </lines>
            </method>
            <method name="get_Total" signature="()" line-rate="1" branch-rate="1" complexity="1">
              <lines>
                <line number="9" hits="35" branch="False" />
              </lines>
            </method>
            <method name="get_Page" signature="()" line-rate="1" branch-rate="1" complexity="1">
              <lines>
                <line number="10" hits="35" branch="False" />
              </lines>
            </method>
            <method name="get_PerPage" signature="()" line-rate="1" branch-rate="1" complexity="1">
              <lines>
                <line number="11" hits="35" branch="False" />
              </lines>
            </method>
            <method name="get_TotalPages" signature="()" line-rate="1" branch-rate="1" complexity="1">
              <lines>
                <line number="12" hits="35" branch="False" />
              </lines>
            </method>
          </methods>
          <lines>
            <line number="8" hits="60" branch="False" />
            <line number="9" hits="35" branch="False" />
            <line number="10" hits="35" branch="False" />
            <line number="11" hits="35" branch="False" />
            <line number="12" hits="35" branch="False" />
          </lines>
        </class>
        <class name="CrudKit.Core.Models.Permission" filename="CrudKit.Core\Models\Permission.cs" line-rate="0" branch-rate="1" complexity="3">
          <methods>
            <method name="get_Entity" signature="()" line-rate="0" branch-rate="1" complexity="1">
              <lines>
                <line number="8" hits="0" branch="False" />
              </lines>
            </method>
            <method name="get_Action" signature="()" line-rate="0" branch-rate="1" complexity="1">
              <lines>
                <line number="9" hits="0" branch="False" />
              </lines>
            </method>
            <method name="get_Scope" signature="()" line-rate="0" branch-rate="1" complexity="1">
              <lines>
                <line number="10" hits="0" branch="False" />
              </lines>
            </method>
          </methods>
          <lines>
            <line number="8" hits="0" branch="False" />
            <line number="9" hits="0" branch="False" />
            <line number="10" hits="0" branch="False" />
          </lines>
        </class>
        <class name="CrudKit.Core.Models.ValidationErrors" filename="CrudKit.Core\Models\ValidationErrors.cs" line-rate="0.46659999999999996" branch-rate="0.5" complexity="7">
          <methods>
            <method name="get_Errors" signature="()" line-rate="1" branch-rate="1" complexity="1">
              <lines>
                <line number="6" hits="3" branch="False" />
              </lines>
            </method>
            <method name="get_IsEmpty" signature="()" line-rate="1" branch-rate="1" complexity="1">
              <lines>
                <line number="8" hits="61" branch="False" />
              </lines>
            </method>
            <method name="Add" signature="(System.String,System.String,System.String)" line-rate="1" branch-rate="1" complexity="1">
              <lines>
                <line number="11" hits="5" branch="False" />
              </lines>
            </method>
            <method name="ThrowIfInvalid" signature="()" line-rate="0.75" branch-rate="0.5" complexity="2">
              <lines>
                <line number="14" hits="1" branch="False" />
                <line number="15" hits="1" branch="True" condition-coverage="50% (1/2)">
                  <conditions>
                    <condition number="12" type="jump" coverage="50%" />
                  </conditions>
                </line>
                <line number="16" hits="1" branch="False" />
                <line number="17" hits="0" branch="False" />
              </lines>
            </method>
            <method name="ToDictionary" signature="()" line-rate="0" branch-rate="1" complexity="1">
              <lines>
                <line number="24" hits="0" branch="False" />
                <line number="25" hits="0" branch="False" />
                <line number="26" hits="0" branch="False" />
                <line number="27" hits="0" branch="False" />
                <line number="28" hits="0" branch="False" />
                <line number="29" hits="0" branch="False" />
                <line number="30" hits="0" branch="False" />
              </lines>
            </method>
            <method name=".ctor" signature="()" line-rate="1" branch-rate="1" complexity="1">
              <lines>
                <line number="5" hits="60" branch="False" />
              </lines>
            </method>
          </methods>
          <lines>
            <line number="6" hits="3" branch="False" />
            <line number="8" hits="61" branch="False" />
            <line number="11" hits="5" branch="False" />
            <line number="14" hits="1" branch="False" />
            <line number="15" hits="1" branch="True" condition-coverage="50% (1/2)">
              <conditions>
                <condition number="12" type="jump" coverage="50%" />
              </conditions>
            </line>
            <line number="16" hits="1" branch="False" />
            <line number="17" hits="0" branch="False" />
            <line number="24" hits="0" branch="False" />
            <line number="25" hits="0" branch="False" />
            <line number="26" hits="0" branch="False" />
            <line number="27" hits="0" branch="False" />
            <line number="28" hits="0" branch="False" />
            <line number="29" hits="0" branch="False" />
            <line number="30" hits="0" branch="False" />
            <line number="5" hits="60" branch="False" />
          </lines>
        </class>
        <class name="CrudKit.Core.Interfaces.ICrudHooks`1" filename="CrudKit.Core\Interfaces\ICrudHooks.cs" line-rate="0.1" branch-rate="1" complexity="10">
          <methods>
            <method name="BeforeCreate" signature="(T,CrudKit.Core.Context.AppContext)" line-rate="0" branch-rate="1" complexity="1">
              <lines>
                <line number="12" hits="0" branch="False" />
              </lines>
            </method>
            <method name="AfterCreate" signature="(T,CrudKit.Core.Context.AppContext)" line-rate="0" branch-rate="1" complexity="1">
              <lines>
                <line number="13" hits="0" branch="False" />
              </lines>
            </method>
            <method name="BeforeUpdate" signature="(T,CrudKit.Core.Context.AppContext)" line-rate="0" branch-rate="1" complexity="1">
              <lines>
                <line number="14" hits="0" branch="False" />
              </lines>
            </method>
            <method name="AfterUpdate" signature="(T,CrudKit.Core.Context.AppContext)" line-rate="0" branch-rate="1" complexity="1">
              <lines>
                <line number="15" hits="0" branch="False" />
              </lines>
            </method>
            <method name="BeforeDelete" signature="(T,CrudKit.Core.Context.AppContext)" line-rate="0" branch-rate="1" complexity="1">
              <lines>
                <line number="16" hits="0" branch="False" />
              </lines>
            </method>
            <method name="AfterDelete" signature="(T,CrudKit.Core.Context.AppContext)" line-rate="0" branch-rate="1" complexity="1">
              <lines>
                <line number="17" hits="0" branch="False" />
              </lines>
            </method>
            <method name="BeforeRestore" signature="(T,CrudKit.Core.Context.AppContext)" line-rate="0" branch-rate="1" complexity="1">
              <lines>
                <line number="18" hits="0" branch="False" />
              </lines>
            </method>
            <method name="AfterRestore" signature="(T,CrudKit.Core.Context.AppContext)" line-rate="0" branch-rate="1" complexity="1">
              <lines>
                <line number="19" hits="0" branch="False" />
              </lines>
            </method>
            <method name="ApplyScope" signature="(System.Linq.IQueryable`1&lt;T&gt;,CrudKit.Core.Context.AppContext)" line-rate="1" branch-rate="1" complexity="1">
              <lines>
                <line number="26" hits="2" branch="False" />
              </lines>
            </method>
            <method name="ApplyIncludes" signature="(System.Linq.IQueryable`1&lt;T&gt;)" line-rate="0" branch-rate="1" complexity="1">
              <lines>
                <line number="33" hits="0" branch="False" />
              </lines>
            </method>
          </methods>
          <lines>
            <line number="12" hits="0" branch="False" />
            <line number="13" hits="0" branch="False" />
            <line number="14" hits="0" branch="False" />
            <line number="15" hits="0" branch="False" />
            <line number="16" hits="0" branch="False" />
            <line number="17" hits="0" branch="False" />
            <line number="18" hits="0" branch="False" />
            <line number="19" hits="0" branch="False" />
            <line number="26" hits="2" branch="False" />
            <line number="33" hits="0" branch="False" />
          </lines>
        </class>
        <class name="CrudKit.Core.Interfaces.IGlobalCrudHook" filename="CrudKit.Core\Interfaces\IGlobalCrudHook.cs" line-rate="0" branch-rate="1" complexity="6">
          <methods>
            <method name="BeforeCreate" signature="(System.Object,CrudKit.Core.Context.AppContext)" line-rate="0" branch-rate="1" complexity="1">
              <lines>
                <line number="11" hits="0" branch="False" />
              </lines>
            </method>
            <method name="AfterCreate" signature="(System.Object,CrudKit.Core.Context.AppContext)" line-rate="0" branch-rate="1" complexity="1">
              <lines>
                <line number="12" hits="0" branch="False" />
              </lines>
            </method>
            <method name="BeforeUpdate" signature="(System.Object,CrudKit.Core.Context.AppContext)" line-rate="0" branch-rate="1" complexity="1">
              <lines>
                <line number="13" hits="0" branch="False" />
              </lines>
            </method>
            <method name="AfterUpdate" signature="(System.Object,CrudKit.Core.Context.AppContext)" line-rate="0" branch-rate="1" complexity="1">
              <lines>
                <line number="14" hits="0" branch="False" />
              </lines>
            </method>
            <method name="BeforeDelete" signature="(System.Object,CrudKit.Core.Context.AppContext)" line-rate="0" branch-rate="1" complexity="1">
              <lines>
                <line number="15" hits="0" branch="False" />
              </lines>
            </method>
            <method name="AfterDelete" signature="(System.Object,CrudKit.Core.Context.AppContext)" line-rate="0" branch-rate="1" complexity="1">
              <lines>
                <line number="16" hits="0" branch="False" />
              </lines>
            </method>
          </methods>
          <lines>
            <line number="11" hits="0" branch="False" />
            <line number="12" hits="0" branch="False" />
            <line number="13" hits="0" branch="False" />
            <line number="14" hits="0" branch="False" />
            <line number="15" hits="0" branch="False" />
            <line number="16" hits="0" branch="False" />
          </lines>
        </class>
        <class name="CrudKit.Core.Interfaces.IModule" filename="CrudKit.Core\Interfaces\IModule.cs" line-rate="0" branch-rate="1" complexity="1">
          <methods>
            <method name="RegisterWorkflowActions" signature="(System.Object)" line-rate="0" branch-rate="1" complexity="1">
              <lines>
                <line number="16" hits="0" branch="False" />
              </lines>
            </method>
          </methods>
          <lines>
            <line number="16" hits="0" branch="False" />
          </lines>
        </class>
        <class name="CrudKit.Core.Entities.AuditableEntity`1" filename="CrudKit.Core\Entities\AuditableEntity.cs" line-rate="0" branch-rate="1" complexity="2">
          <methods>
            <method name="get_CreatedAt" signature="()" line-rate="0" branch-rate="1" complexity="1">
              <lines>
                <line number="11" hits="0" branch="False" />
              </lines>
            </method>
            <method name="get_UpdatedAt" signature="()" line-rate="0" branch-rate="1" complexity="1">
              <lines>
                <line number="12" hits="0" branch="False" />
              </lines>
            </method>
          </methods>
          <lines>
            <line number="11" hits="0" branch="False" />
            <line number="12" hits="0" branch="False" />
          </lines>
        </class>
        <class name="CrudKit.Core.Entities.AuditableEntityWithUser`3" filename="CrudKit.Core\Entities\AuditableEntity.cs" line-rate="0" branch-rate="1" complexity="4">
          <methods>
            <method name="get_CreatedById" signature="()" line-rate="0" branch-rate="1" complexity="1">
              <lines>
                <line number="28" hits="0" branch="False" />
              </lines>
            </method>
            <method name="get_CreatedBy" signature="()" line-rate="0" branch-rate="1" complexity="1">
              <lines>
                <line number="29" hits="0" branch="False" />
              </lines>
            </method>
            <method name="get_UpdatedById" signature="()" line-rate="0" branch-rate="1" complexity="1">
              <lines>
                <line number="30" hits="0" branch="False" />
              </lines>
            </method>
            <method name="get_UpdatedBy" signature="()" line-rate="0" branch-rate="1" complexity="1">
              <lines>
                <line number="31" hits="0" branch="False" />
              </lines>
            </method>
          </methods>
          <lines>
            <line number="28" hits="0" branch="False" />
            <line number="29" hits="0" branch="False" />
            <line number="30" hits="0" branch="False" />
            <line number="31" hits="0" branch="False" />
          </lines>
        </class>
        <class name="CrudKit.Core.Entities.Entity`1" filename="CrudKit.Core\Entities\Entity.cs" line-rate="0" branch-rate="1" complexity="1">
          <methods>
            <method name="get_Id" signature="()" line-rate="0" branch-rate="1" complexity="1">
              <lines>
                <line number="11" hits="0" branch="False" />
              </lines>
            </method>
          </methods>
          <lines>
            <line number="11" hits="0" branch="False" />
          </lines>
        </class>
        <class name="CrudKit.Core.Entities.FullAuditableEntity`1" filename="CrudKit.Core\Entities\FullAuditableEntity.cs" line-rate="0" branch-rate="1" complexity="1">
          <methods>
            <method name="get_DeletedAt" signature="()" line-rate="0" branch-rate="1" complexity="1">
              <lines>
                <line number="11" hits="0" branch="False" />
              </lines>
            </method>
          </methods>
          <lines>
            <line number="11" hits="0" branch="False" />
          </lines>
        </class>
        <class name="CrudKit.Core.Entities.FullAuditableEntityWithUser`3" filename="CrudKit.Core\Entities\FullAuditableEntity.cs" line-rate="0" branch-rate="1" complexity="3">
          <methods>
            <method name="get_DeletedAt" signature="()" line-rate="0" branch-rate="1" complexity="1">
              <lines>
                <line number="27" hits="0" branch="False" />
              </lines>
            </method>
            <method name="get_DeletedById" signature="()" line-rate="0" branch-rate="1" complexity="1">
              <lines>
                <line number="28" hits="0" branch="False" />
              </lines>
            </method>
            <method name="get_DeletedBy" signature="()" line-rate="0" branch-rate="1" complexity="1">
              <lines>
                <line number="29" hits="0" branch="False" />
              </lines>
            </method>
          </methods>
          <lines>
            <line number="27" hits="0" branch="False" />
            <line number="28" hits="0" branch="False" />
            <line number="29" hits="0" branch="False" />
          </lines>
        </class>
        <class name="CrudKit.Core.Context.AppContext" filename="CrudKit.Core\Context\AppContext.cs" line-rate="0.5714" branch-rate="0" complexity="8">
          <methods>
            <method name="get_Services" signature="()" line-rate="1" branch-rate="1" complexity="1">
              <lines>
                <line number="11" hits="58" branch="False" />
              </lines>
            </method>
            <method name="get_CurrentUser" signature="()" line-rate="1" branch-rate="1" complexity="1">
              <lines>
                <line number="12" hits="58" branch="False" />
              </lines>
            </method>
            <method name="get_TenantContext" signature="()" line-rate="1" branch-rate="1" complexity="1">
              <lines>
                <line number="13" hits="58" branch="False" />
              </lines>
            </method>
            <method name="get_RequestId" signature="()" line-rate="1" branch-rate="1" complexity="1">
              <lines>
                <line number="14" hits="58" branch="False" />
              </lines>
            </method>
            <method name="get_TenantId" signature="()" line-rate="0" branch-rate="0" complexity="2">
              <lines>
                <line number="16" hits="0" branch="True" condition-coverage="0% (0/2)">
                  <conditions>
                    <condition number="7" type="jump" coverage="0%" />
                  </conditions>
                </line>
              </lines>
            </method>
            <method name="get_UserId" signature="()" line-rate="0" branch-rate="1" complexity="1">
              <lines>
                <line number="17" hits="0" branch="False" />
              </lines>
            </method>
            <method name="get_IsAuthenticated" signature="()" line-rate="0" branch-rate="1" complexity="1">
              <lines>
                <line number="18" hits="0" branch="False" />
              </lines>
            </method>
          </methods>
          <lines>
            <line number="11" hits="58" branch="False" />
            <line number="12" hits="58" branch="False" />
            <line number="13" hits="58" branch="False" />
            <line number="14" hits="58" branch="False" />
            <line number="16" hits="0" branch="True" condition-coverage="0% (0/2)">
              <conditions>
                <condition number="7" type="jump" coverage="0%" />
              </conditions>
            </line>
            <line number="17" hits="0" branch="False" />
            <line number="18" hits="0" branch="False" />
          </lines>
        </class>
        <class name="CrudKit.Core.Auth.AnonymousCurrentUser" filename="CrudKit.Core\Auth\AnonymousCurrentUser.cs" line-rate="0.22219999999999998" branch-rate="1" complexity="9">
          <methods>
            <method name="get_Id" signature="()" line-rate="0" branch-rate="1" complexity="1">
              <lines>
                <line number="13" hits="0" branch="False" />
              </lines>
            </method>
            <method name="get_Username" signature="()" line-rate="0" branch-rate="1" complexity="1">
              <lines>
                <line number="14" hits="0" branch="False" />
              </lines>
            </method>
            <method name="get_Roles" signature="()" line-rate="0" branch-rate="1" complexity="1">
              <lines>
                <line number="15" hits="0" branch="False" />
              </lines>
            </method>
            <method name="get_Permissions" signature="()" line-rate="0" branch-rate="1" complexity="1">
              <lines>
                <line number="16" hits="0" branch="False" />
              </lines>
            </method>
            <method name="get_IsAuthenticated" signature="()" line-rate="1" branch-rate="1" complexity="1">
              <lines>
                <line number="17" hits="3" branch="False" />
              </lines>
            </method>
            <method name="HasRole" signature="(System.String)" line-rate="0" branch-rate="1" complexity="1">
              <lines>
                <line number="18" hits="0" branch="False" />
              </lines>
            </method>
            <method name="HasPermission" signature="(System.String,System.String)" line-rate="1" branch-rate="1" complexity="1">
              <lines>
                <line number="19" hits="1" branch="False" />
              </lines>
            </method>
            <method name="HasPermission" signature="(System.String,System.String,CrudKit.Core.Enums.PermScope)" line-rate="0" branch-rate="1" complexity="1">
              <lines>
                <line number="20" hits="0" branch="False" />
              </lines>
            </method>
            <method name="get_AccessibleTenants" signature="()" line-rate="0" branch-rate="1" complexity="1">
              <lines>
                <line number="25" hits="0" branch="False" />
              </lines>
            </method>
          </methods>
          <lines>
            <line number="13" hits="0" branch="False" />
            <line number="14" hits="0" branch="False" />
            <line number="15" hits="0" branch="False" />
            <line number="16" hits="0" branch="False" />
            <line number="17" hits="3" branch="False" />
            <line number="18" hits="0" branch="False" />
            <line number="19" hits="1" branch="False" />
            <line number="20" hits="0" branch="False" />
            <line number="25" hits="0" branch="False" />
          </lines>
        </class>
        <class name="CrudKit.Core.Auth.FakeCurrentUser" filename="CrudKit.Core\Auth\FakeCurrentUser.cs" line-rate="0.8887999999999999" branch-rate="1" complexity="9">
          <methods>
            <method name="get_Id" signature="()" line-rate="1" branch-rate="1" complexity="1">
              <lines>
                <line number="13" hits="387" branch="False" />
              </lines>
            </method>
            <method name="get_Username" signature="()" line-rate="1" branch-rate="1" complexity="1">
              <lines>
                <line number="14" hits="259" branch="False" />
              </lines>
            </method>
            <method name="get_Roles" signature="()" line-rate="1" branch-rate="1" complexity="1">
              <lines>
                <line number="15" hits="271" branch="False" />
              </lines>
            </method>
            <method name="get_Permissions" signature="()" line-rate="1" branch-rate="1" complexity="1">
              <lines>
                <line number="16" hits="259" branch="False" />
              </lines>
            </method>
            <method name="get_IsAuthenticated" signature="()" line-rate="1" branch-rate="1" complexity="1">
              <lines>
                <line number="17" hits="7" branch="False" />
              </lines>
            </method>
            <method name="HasRole" signature="(System.String)" line-rate="1" branch-rate="1" complexity="1">
              <lines>
                <line number="18" hits="6" branch="False" />
              </lines>
            </method>
            <method name="HasPermission" signature="(System.String,System.String)" line-rate="1" branch-rate="1" complexity="1">
              <lines>
                <line number="19" hits="1" branch="False" />
              </lines>
            </method>
            <method name="HasPermission" signature="(System.String,System.String,CrudKit.Core.Enums.PermScope)" line-rate="0" branch-rate="1" complexity="1">
              <lines>
                <line number="20" hits="0" branch="False" />
              </lines>
            </method>
            <method name="get_AccessibleTenants" signature="()" line-rate="1" branch-rate="1" complexity="1">
              <lines>
                <line number="25" hits="11" branch="False" />
              </lines>
            </method>
          </methods>
          <lines>
            <line number="13" hits="387" branch="False" />
            <line number="14" hits="259" branch="False" />
            <line number="15" hits="271" branch="False" />
            <line number="16" hits="259" branch="False" />
            <line number="17" hits="7" branch="False" />
            <line number="18" hits="6" branch="False" />
            <line number="19" hits="1" branch="False" />
            <line number="20" hits="0" branch="False" />
            <line number="25" hits="11" branch="False" />
          </lines>
        </class>
        <class name="CrudKit.Core.Attributes.AuthorizeOperationAttribute" filename="CrudKit.Core\Attributes\AuthorizeOperationAttribute.cs" line-rate="1" branch-rate="1" complexity="3">
          <methods>
            <method name="get_Operation" signature="()" line-rate="1" branch-rate="1" complexity="1">
              <lines>
                <line number="9" hits="2" branch="False" />
              </lines>
            </method>
            <method name="get_Role" signature="()" line-rate="1" branch-rate="1" complexity="1">
              <lines>
                <line number="10" hits="2" branch="False" />
              </lines>
            </method>
            <method name=".ctor" signature="(System.String,System.String)" line-rate="1" branch-rate="1" complexity="1">
              <lines>
                <line number="12" hits="6" branch="False" />
                <line number="13" hits="6" branch="False" />
                <line number="14" hits="6" branch="False" />
                <line number="15" hits="6" branch="False" />
                <line number="16" hits="6" branch="False" />
              </lines>
            </method>
          </methods>
          <lines>
            <line number="9" hits="2" branch="False" />
            <line number="10" hits="2" branch="False" />
            <line number="12" hits="6" branch="False" />
            <line number="13" hits="6" branch="False" />
            <line number="14" hits="6" branch="False" />
            <line number="15" hits="6" branch="False" />
            <line number="16" hits="6" branch="False" />
          </lines>
        </class>
        <class name="CrudKit.Core.Attributes.CascadeSoftDeleteAttribute" filename="CrudKit.Core\Attributes\CascadeSoftDeleteAttribute.cs" line-rate="0" branch-rate="1" complexity="3">
          <methods>
            <method name="get_ChildType" signature="()" line-rate="0" branch-rate="1" complexity="1">
              <lines>
                <line number="10" hits="0" branch="False" />
              </lines>
            </method>
            <method name="get_ForeignKeyProperty" signature="()" line-rate="0" branch-rate="1" complexity="1">
              <lines>
                <line number="11" hits="0" branch="False" />
              </lines>
            </method>
            <method name=".ctor" signature="(System.Type,System.String)" line-rate="0" branch-rate="1" complexity="1">
              <lines>
                <line number="13" hits="0" branch="False" />
                <line number="14" hits="0" branch="False" />
                <line number="15" hits="0" branch="False" />
                <line number="16" hits="0" branch="False" />
                <line number="17" hits="0" branch="False" />
              </lines>
            </method>
          </methods>
          <lines>
            <line number="10" hits="0" branch="False" />
            <line number="11" hits="0" branch="False" />
            <line number="13" hits="0" branch="False" />
            <line number="14" hits="0" branch="False" />
            <line number="15" hits="0" branch="False" />
            <line number="16" hits="0" branch="False" />
            <line number="17" hits="0" branch="False" />
          </lines>
        </class>
        <class name="CrudKit.Core.Attributes.CrudEntityAttribute" filename="CrudKit.Core\Attributes\CrudEntityAttribute.cs" line-rate="0.5294" branch-rate="0" complexity="20">
          <methods>
            <method name="get_Table" signature="()" line-rate="1" branch-rate="1" complexity="1">
              <lines>
                <line number="10" hits="1038" branch="False" />
              </lines>
            </method>
            <method name="get_MultiTenant" signature="()" line-rate="0" branch-rate="1" complexity="1">
              <lines>
                <line number="11" hits="0" branch="False" />
              </lines>
            </method>
            <method name="get_Workflow" signature="()" line-rate="0" branch-rate="1" complexity="1">
              <lines>
                <line number="12" hits="0" branch="False" />
              </lines>
            </method>
            <method name="get_WorkflowProtected" signature="()" line-rate="1" branch-rate="1" complexity="1">
              <lines>
                <line number="13" hits="506" branch="False" />
              </lines>
            </method>
            <method name="get_NumberingPrefix" signature="()" line-rate="0" branch-rate="1" complexity="1">
              <lines>
                <line number="14" hits="0" branch="False" />
              </lines>
            </method>
            <method name="get_NumberingYearlyReset" signature="()" line-rate="1" branch-rate="1" complexity="1">
              <lines>
                <line number="15" hits="519" branch="False" />
              </lines>
            </method>
            <method name="get_EnableBulkUpdate" signature="()" line-rate="1" branch-rate="1" complexity="1">
              <lines>
                <line number="16" hits="507" branch="False" />
              </lines>
            </method>
            <method name="get_BulkLimit" signature="()" line-rate="1" branch-rate="1" complexity="1">
              <lines>
                <line number="17" hits="519" branch="False" />
              </lines>
            </method>
            <method name="get_OwnerField" signature="()" line-rate="1" branch-rate="1" complexity="1">
              <lines>
                <line number="23" hits="510" branch="False" />
              </lines>
            </method>
            <method name="get_ReadOnly" signature="()" line-rate="0" branch-rate="1" complexity="1">
              <lines>
                <line number="31" hits="0" branch="False" />
              </lines>
            </method>
            <method name="get_EnableCreate" signature="()" line-rate="1" branch-rate="1" complexity="1">
              <lines>
                <line number="34" hits="519" branch="False" />
              </lines>
            </method>
            <method name="get_EnableUpdate" signature="()" line-rate="1" branch-rate="1" complexity="1">
              <lines>
                <line number="37" hits="519" branch="False" />
              </lines>
            </method>
            <method name="get_EnableDelete" signature="()" line-rate="1" branch-rate="1" complexity="1">
              <lines>
                <line number="40" hits="519" branch="False" />
              </lines>
            </method>
            <method name="get_EnableBulkDelete" signature="()" line-rate="0" branch-rate="1" complexity="1">
              <lines>
                <line number="43" hits="0" branch="False" />
              </lines>
            </method>
            <method name="get_IsCreateEnabled" signature="()" line-rate="0" branch-rate="0" complexity="2">
              <lines>
                <line number="46" hits="0" branch="True" condition-coverage="0% (0/2)">
                  <conditions>
                    <condition number="6" type="jump" coverage="0%" />
                  </conditions>
                </line>
              </lines>
            </method>
            <method name="get_IsUpdateEnabled" signature="()" line-rate="0" branch-rate="0" complexity="2">
              <lines>
                <line number="47" hits="0" branch="True" condition-coverage="0% (0/2)">
                  <conditions>
                    <condition number="6" type="jump" coverage="0%" />
                  </conditions>
                </line>
              </lines>
            </method>
            <method name="get_IsDeleteEnabled" signature="()" line-rate="0" branch-rate="0" complexity="2">
              <lines>
                <line number="48" hits="0" branch="True" condition-coverage="0% (0/2)">
                  <conditions>
                    <condition number="6" type="jump" coverage="0%" />
                  </conditions>
                </line>
              </lines>
            </method>
          </methods>
          <lines>
            <line number="10" hits="1038" branch="False" />
            <line number="11" hits="0" branch="False" />
            <line number="12" hits="0" branch="False" />
            <line number="13" hits="506" branch="False" />
            <line number="14" hits="0" branch="False" />
            <line number="15" hits="519" branch="False" />
            <line number="16" hits="507" branch="False" />
            <line number="17" hits="519" branch="False" />
            <line number="23" hits="510" branch="False" />
            <line number="31" hits="0" branch="False" />
            <line number="34" hits="519" branch="False" />
            <line number="37" hits="519" branch="False" />
            <line number="40" hits="519" branch="False" />
            <line number="43" hits="0" branch="False" />
            <line number="46" hits="0" branch="True" condition-coverage="0% (0/2)">
              <conditions>
                <condition number="6" type="jump" coverage="0%" />
              </conditions>
            </line>
            <line number="47" hits="0" branch="True" condition-coverage="0% (0/2)">
              <conditions>
                <condition number="6" type="jump" coverage="0%" />
              </conditions>
            </line>
            <line number="48" hits="0" branch="True" condition-coverage="0% (0/2)">
              <conditions>
                <condition number="6" type="jump" coverage="0%" />
              </conditions>
            </line>
          </lines>
        </class>
        <class name="CrudKit.Core.Attributes.DefaultIncludeAttribute" filename="CrudKit.Core\Attributes\DefaultIncludeAttribute.cs" line-rate="0" branch-rate="1" complexity="3">
          <methods>
            <method name="get_NavigationProperty" signature="()" line-rate="0" branch-rate="1" complexity="1">
              <lines>
                <line number="13" hits="0" branch="False" />
              </lines>
            </method>
            <method name="get_Scope" signature="()" line-rate="0" branch-rate="1" complexity="1">
              <lines>
                <line number="14" hits="0" branch="False" />
              </lines>
            </method>
            <method name=".ctor" signature="(System.String)" line-rate="0" branch-rate="1" complexity="1">
              <lines>
                <line number="16" hits="0" branch="False" />
                <line number="17" hits="0" branch="False" />
                <line number="18" hits="0" branch="False" />
                <line number="19" hits="0" branch="False" />
              </lines>
            </method>
          </methods>
          <lines>
            <line number="13" hits="0" branch="False" />
            <line number="14" hits="0" branch="False" />
            <line number="16" hits="0" branch="False" />
            <line number="17" hits="0" branch="False" />
            <line number="18" hits="0" branch="False" />
            <line number="19" hits="0" branch="False" />
          </lines>
        </class>
        <class name="CrudKit.Core.Attributes.RequireRoleAttribute" filename="CrudKit.Core\Attributes\RequireRoleAttribute.cs" line-rate="1" branch-rate="1" complexity="2">
          <methods>
            <method name="get_Role" signature="()" line-rate="1" branch-rate="1" complexity="1">
              <lines>
                <line number="10" hits="2" branch="False" />
              </lines>
            </method>
            <method name=".ctor" signature="(System.String)" line-rate="1" branch-rate="1" complexity="1">
              <lines>
                <line number="11" hits="8" branch="False" />
              </lines>
            </method>
          </methods>
          <lines>
            <line number="10" hits="2" branch="False" />
            <line number="11" hits="8" branch="False" />
          </lines>
        </class>
      </classes>
    </package>
    <package name="CrudKit.EntityFrameworkCore" line-rate="0.4336" branch-rate="0.39799999999999996" complexity="575">
      <classes>
        <class name="CrudKit.EntityFrameworkCore.CrudKitContextRegistry" filename="CrudKit.EntityFrameworkCore\CrudKitContextRegistry.cs" line-rate="0.7272" branch-rate="0.5625" complexity="18">
          <methods>
            <method name="Add" signature="()" line-rate="1" branch-rate="1" complexity="2">
              <lines>
                <line number="19" hits="110" branch="False" />
                <line number="20" hits="110" branch="False" />
                <line number="21" hits="110" branch="True" condition-coverage="100% (2/2)">
                  <conditions>
                    <condition number="29" type="jump" coverage="100%" />
                  </conditions>
                </line>
                <line number="22" hits="109" branch="False" />
                <line number="23" hits="110" branch="False" />
              </lines>
            </method>
            <method name="AddContext" signature="()" line-rate="0" branch-rate="0" complexity="2">
              <lines>
                <line number="27" hits="0" branch="False" />
                <line number="28" hits="0" branch="False" />
                <line number="29" hits="0" branch="True" condition-coverage="0% (0/2)">
                  <conditions>
                    <condition number="29" type="jump" coverage="0%" />
                  </conditions>
                </line>
                <line number="30" hits="0" branch="False" />
                <line number="31" hits="0" branch="False" />
              </lines>
            </method>
            <method name="get_ContextTypes" signature="()" line-rate="0" branch-rate="1" complexity="1">
              <lines>
                <line number="34" hits="0" branch="False" />
              </lines>
            </method>
            <method name="FindContextForEntity" signature="(System.Type)" line-rate="0.8571" branch-rate="0.5" complexity="4">
              <lines>
                <line number="42" hits="199" branch="False" />
                <line number="43" hits="199" branch="False" />
                <line number="44" hits="71" branch="False" />
                <line number="45" hits="284" branch="False" />
                <line number="46" hits="71" branch="False" />
                <line number="47" hits="71" branch="False" />
                <line number="48" hits="341" branch="True" condition-coverage="50% (2/4)">
                  <conditions>
                    <condition number="11" type="jump" coverage="50%" />
                    <condition number="39" type="jump" coverage="50%" />
                  </conditions>
                </line>
                <line number="49" hits="341" branch="False" />
                <line number="50" hits="341" branch="False" />
                <line number="51" hits="142" branch="False" />
                <line number="52" hits="0" branch="False" />
                <line number="53" hits="0" branch="False" />
                <line number="54" hits="270" branch="False" />
                <line number="55" hits="199" branch="False" />
              </lines>
            </method>
            <method name="ResolveFor" signature="(System.IServiceProvider)" line-rate="0.8332999999999999" branch-rate="0.5" complexity="2">
              <lines>
                <line number="62" hits="199" branch="False" />
                <line number="63" hits="199" branch="False" />
                <line number="64" hits="199" branch="True" condition-coverage="50% (1/2)">
                  <conditions>
                    <condition number="27" type="jump" coverage="50%" />
                  </conditions>
                </line>
                <line number="65" hits="199" branch="False" />
                <line number="66" hits="0" branch="False" />
                <line number="67" hits="199" branch="False" />
              </lines>
            </method>
            <method name=".ctor" signature="()" line-rate="1" branch-rate="1" complexity="1">
              <lines>
                <line number="14" hits="109" branch="False" />
                <line number="15" hits="109" branch="False" />
              </lines>
            </method>
          </methods>
          <lines>
            <line number="19" hits="110" branch="False" />
            <line number="20" hits="110" branch="False" />
            <line number="21" hits="110" branch="True" condition-coverage="100% (2/2)">
              <conditions>
                <condition number="29" type="jump" coverage="100%" />
              </conditions>
            </line>
            <line number="22" hits="109" branch="False" />
            <line number="23" hits="110" branch="False" />
            <line number="27" hits="0" branch="False" />
            <line number="28" hits="0" branch="False" />
            <line number="29" hits="0" branch="True" condition-coverage="0% (0/2)">
              <conditions>
                <condition number="29" type="jump" coverage="0%" />
              </conditions>
            </line>
            <line number="30" hits="0" branch="False" />
            <line number="31" hits="0" branch="False" />
            <line number="34" hits="0" branch="False" />
            <line number="42" hits="199" branch="False" />
            <line number="43" hits="199" branch="False" />
            <line number="44" hits="71" branch="False" />
            <line number="45" hits="284" branch="False" />
            <line number="46" hits="71" branch="False" />
            <line number="47" hits="71" branch="False" />
            <line number="48" hits="341" branch="True" condition-coverage="50% (2/4)">
              <conditions>
                <condition number="11" type="jump" coverage="50%" />
                <condition number="39" type="jump" coverage="50%" />
              </conditions>
            </line>
            <line number="49" hits="341" branch="False" />
            <line number="50" hits="341" branch="False" />
            <line number="51" hits="142" branch="False" />
            <line number="52" hits="0" branch="False" />
            <line number="53" hits="0" branch="False" />
            <line number="54" hits="270" branch="False" />
            <line number="55" hits="199" branch="False" />
            <line number="62" hits="199" branch="False" />
            <line number="63" hits="199" branch="False" />
            <line number="64" hits="199" branch="True" condition-coverage="50% (1/2)">
              <conditions>
                <condition number="27" type="jump" coverage="50%" />
              </conditions>
            </line>
            <line number="65" hits="199" branch="False" />
            <line number="66" hits="0" branch="False" />
            <line number="67" hits="199" branch="False" />
            <line number="14" hits="109" branch="False" />
            <line number="15" hits="109" branch="False" />
          </lines>
        </class>
        <class name="CrudKit.EntityFrameworkCore.CrudKitDbContext" filename="CrudKit.EntityFrameworkCore\CrudKitDbContext.cs" line-rate="0.7857" branch-rate="0.5" complexity="13">
          <methods>
            <method name="get_IsAuditSave" signature="()" line-rate="1" branch-rate="1" complexity="1">
              <lines>
                <line number="34" hits="82" branch="False" />
              </lines>
            </method>
            <method name="get_AuditLogs" signature="()" line-rate="0" branch-rate="1" complexity="1">
              <lines>
                <line number="36" hits="0" branch="False" />
              </lines>
            </method>
            <method name="get_Sequences" signature="()" line-rate="0" branch-rate="1" complexity="1">
              <lines>
                <line number="37" hits="0" branch="False" />
              </lines>
            </method>
            <method name="OnModelCreating" signature="(Microsoft.EntityFrameworkCore.ModelBuilder)" line-rate="1" branch-rate="1" complexity="1">
              <lines>
                <line number="52" hits="5" branch="False" />
                <line number="53" hits="5" branch="False" />
                <line number="55" hits="5" branch="False" />
                <line number="56" hits="5" branch="False" />
                <line number="58" hits="5" branch="False" />
                <line number="60" hits="5" branch="False" />
                <line number="61" hits="5" branch="False" />
              </lines>
            </method>
            <method name="OnModelCreatingCustom" signature="(Microsoft.EntityFrameworkCore.ModelBuilder)" line-rate="1" branch-rate="1" complexity="1">
              <lines>
                <line number="67" hits="6" branch="False" />
              </lines>
            </method>
            <method name="SaveChanges" signature="(System.Boolean)" line-rate="0" branch-rate="1" complexity="1">
              <lines>
                <line number="72" hits="0" branch="False" />
                <line number="73" hits="0" branch="False" />
                <line number="74" hits="0" branch="False" />
              </lines>
            </method>
            <method name="SaveChangesAsync" signature="(System.Boolean,System.Threading.CancellationToken)" line-rate="1" branch-rate="1" complexity="1">
              <lines>
                <line number="78" hits="82" branch="False" />
                <line number="79" hits="82" branch="False" />
                <line number="80" hits="82" branch="False" />
              </lines>
            </method>
            <method name="get_CurrentTenantId" signature="()" line-rate="0" branch-rate="0" complexity="2">
              <lines>
                <line number="83" hits="0" branch="True" condition-coverage="0% (0/2)">
                  <conditions>
                    <condition number="7" type="jump" coverage="0%" />
                  </conditions>
                </line>
              </lines>
            </method>
            <method name="get_CurrentUser" signature="()" line-rate="1" branch-rate="1" complexity="1">
              <lines>
                <line number="86" hits="2" branch="False" />
              </lines>
            </method>
            <method name="get_TenantCtx" signature="()" line-rate="1" branch-rate="1" complexity="1">
              <lines>
                <line number="89" hits="2" branch="False" />
              </lines>
            </method>
            <method name=".ctor" signature="(Microsoft.EntityFrameworkCore.DbContextOptions,CrudKit.Core.Interfaces.ICurrentUser,System.TimeProvider,CrudKit.EntityFrameworkCore.CrudKitEfOptions,CrudKit.Core.Interfaces.ITenantContext,CrudKit.Core.Interfaces.IAuditWriter)" line-rate="1" branch-rate="1" complexity="2">
              <lines>
                <line number="42" hits="340" branch="False" />
                <line number="43" hits="340" branch="False" />
                <line number="44" hits="340" branch="False" />
                <line number="45" hits="340" branch="True" condition-coverage="100% (2/2)">
                  <conditions>
                    <condition number="19" type="jump" coverage="100%" />
                  </conditions>
                </line>
                <line number="46" hits="340" branch="False" />
                <line number="47" hits="340" branch="False" />
                <line number="48" hits="340" branch="False" />
                <line number="49" hits="340" branch="False" />
              </lines>
            </method>
          </methods>
          <lines>
            <line number="34" hits="82" branch="False" />
            <line number="36" hits="0" branch="False" />
            <line number="37" hits="0" branch="False" />
            <line number="52" hits="5" branch="False" />
            <line number="53" hits="5" branch="False" />
            <line number="55" hits="5" branch="False" />
            <line number="56" hits="5" branch="False" />
            <line number="58" hits="5" branch="False" />
            <line number="60" hits="5" branch="False" />
            <line number="61" hits="5" branch="False" />
            <line number="67" hits="6" branch="False" />
            <line number="72" hits="0" branch="False" />
            <line number="73" hits="0" branch="False" />
            <line number="74" hits="0" branch="False" />
            <line number="78" hits="82" branch="False" />
            <line number="79" hits="82" branch="False" />
            <line number="80" hits="82" branch="False" />
            <line number="83" hits="0" branch="True" condition-coverage="0% (0/2)">
              <conditions>
                <condition number="7" type="jump" coverage="0%" />
              </conditions>
            </line>
            <line number="86" hits="2" branch="False" />
            <line number="89" hits="2" branch="False" />
            <line number="42" hits="340" branch="False" />
            <line number="43" hits="340" branch="False" />
            <line number="44" hits="340" branch="False" />
            <line number="45" hits="340" branch="True" condition-coverage="100% (2/2)">
              <conditions>
                <condition number="19" type="jump" coverage="100%" />
              </conditions>
            </line>
            <line number="46" hits="340" branch="False" />
            <line number="47" hits="340" branch="False" />
            <line number="48" hits="340" branch="False" />
            <line number="49" hits="340" branch="False" />
          </lines>
        </class>
        <class name="CrudKit.EntityFrameworkCore.GuidValueGenerator" filename="CrudKit.EntityFrameworkCore\CrudKitDbContext.cs" line-rate="0.8332999999999999" branch-rate="0.5" complexity="5">
          <methods>
            <method name="get_GeneratesTemporaryValues" signature="()" line-rate="1" branch-rate="1" complexity="1">
              <lines>
                <line number="99" hits="59" branch="False" />
              </lines>
            </method>
            <method name="Next" signature="(Microsoft.EntityFrameworkCore.ChangeTracking.EntityEntry)" line-rate="0.8" branch-rate="0.5" complexity="4">
              <lines>
                <line number="102" hits="59" branch="False" />
                <line number="104" hits="59" branch="True" condition-coverage="50% (2/4)">
                  <conditions>
                    <condition number="14" type="jump" coverage="50%" />
                    <condition number="37" type="jump" coverage="50%" />
                  </conditions>
                </line>
                <line number="105" hits="0" branch="False" />
                <line number="107" hits="59" branch="False" />
                <line number="108" hits="59" branch="False" />
              </lines>
            </method>
          </methods>
          <lines>
            <line number="99" hits="59" branch="False" />
            <line number="102" hits="59" branch="False" />
            <line number="104" hits="59" branch="True" condition-coverage="50% (2/4)">
              <conditions>
                <condition number="14" type="jump" coverage="50%" />
[...]
            <line number="69" hits="0" branch="False" />
            <line number="70" hits="0" branch="False" />
            <line number="71" hits="0" branch="False" />
            <line number="72" hits="0" branch="False" />
            <line number="75" hits="0" branch="False" />
            <line number="76" hits="0" branch="False" />
            <line number="77" hits="0" branch="False" />
            <line number="78" hits="0" branch="False" />
            <line number="79" hits="0" branch="False" />
            <line number="80" hits="0" branch="False" />
            <line number="81" hits="0" branch="False" />
            <line number="82" hits="0" branch="False" />
            <line number="85" hits="0" branch="False" />
            <line number="88" hits="0" branch="False" />
            <line number="91" hits="0" branch="False" />
            <line number="92" hits="0" branch="False" />
            <line number="93" hits="0" branch="False" />
            <line number="94" hits="0" branch="False" />
            <line number="15" hits="0" branch="False" />
            <line number="17" hits="0" branch="False" />
          </lines>
        </class>
        <class name="CrudKit.EntityFrameworkCore.Dialect.SqliteDialect" filename="CrudKit.EntityFrameworkCore\Dialect\SqliteDialect.cs" line-rate="0.1315" branch-rate="1" complexity="5">
          <methods>
            <method name="ApplyLike" signature="(System.Linq.IQueryable`1&lt;T&gt;,System.Linq.Expressions.Expression`1&lt;System.Func`2&lt;T,System.String&gt;&gt;,System.String)" line-rate="0" branch-rate="1" complexity="1">
              <lines>
                <line number="18" hits="0" branch="False" />
                <line number="19" hits="0" branch="False" />
                <line number="20" hits="0" branch="False" />
                <line number="21" hits="0" branch="False" />
                <line number="22" hits="0" branch="False" />
                <line number="23" hits="0" branch="False" />
                <line number="24" hits="0" branch="False" />
                <line number="25" hits="0" branch="False" />
                <line number="26" hits="0" branch="False" />
                <line number="27" hits="0" branch="False" />
                <line number="28" hits="0" branch="False" />
                <line number="29" hits="0" branch="False" />
              </lines>
            </method>
            <method name="ApplyStartsWith" signature="(System.Linq.IQueryable`1&lt;T&gt;,System.Linq.Expressions.Expression`1&lt;System.Func`2&lt;T,System.String&gt;&gt;,System.String)" line-rate="0" branch-rate="1" complexity="1">
              <lines>
                <line number="35" hits="0" branch="False" />
                <line number="36" hits="0" branch="False" />
                <line number="37" hits="0" branch="False" />
                <line number="38" hits="0" branch="False" />
                <line number="39" hits="0" branch="False" />
                <line number="40" hits="0" branch="False" />
                <line number="41" hits="0" branch="False" />
                <line number="42" hits="0" branch="False" />
                <line number="43" hits="0" branch="False" />
                <line number="44" hits="0" branch="False" />
                <line number="45" hits="0" branch="False" />
                <line number="46" hits="0" branch="False" />
              </lines>
            </method>
            <method name="GetUpsertSql" signature="(System.String,System.String[],System.String[])" line-rate="0" branch-rate="1" complexity="1">
              <lines>
                <line number="49" hits="0" branch="False" />
                <line number="50" hits="0" branch="False" />
                <line number="51" hits="0" branch="False" />
                <line number="52" hits="0" branch="False" />
                <line number="53" hits="0" branch="False" />
                <line number="54" hits="0" branch="False" />
                <line number="55" hits="0" branch="False" />
                <line number="56" hits="0" branch="False" />
              </lines>
            </method>
            <method name="GetSequenceNextValueSql" signature="(System.String)" line-rate="0" branch-rate="1" complexity="1">
              <lines>
                <line number="59" hits="0" branch="False" />
              </lines>
            </method>
            <method name="ConfigureConcurrencyToken" signature="(Microsoft.EntityFrameworkCore.ModelBuilder,System.Type)" line-rate="1" branch-rate="1" complexity="1">
              <lines>
                <line number="62" hits="3" branch="False" />
                <line number="64" hits="3" branch="False" />
                <line number="65" hits="3" branch="False" />
                <line number="66" hits="3" branch="False" />
                <line number="67" hits="3" branch="False" />
              </lines>
            </method>
          </methods>
          <lines>
            <line number="18" hits="0" branch="False" />
            <line number="19" hits="0" branch="False" />
            <line number="20" hits="0" branch="False" />
            <line number="21" hits="0" branch="False" />
            <line number="22" hits="0" branch="False" />
            <line number="23" hits="0" branch="False" />
            <line number="24" hits="0" branch="False" />
            <line number="25" hits="0" branch="False" />
            <line number="26" hits="0" branch="False" />
            <line number="27" hits="0" branch="False" />
            <line number="28" hits="0" branch="False" />
            <line number="29" hits="0" branch="False" />
            <line number="35" hits="0" branch="False" />
            <line number="36" hits="0" branch="False" />
            <line number="37" hits="0" branch="False" />
            <line number="38" hits="0" branch="False" />
            <line number="39" hits="0" branch="False" />
            <line number="40" hits="0" branch="False" />
            <line number="41" hits="0" branch="False" />
            <line number="42" hits="0" branch="False" />
            <line number="43" hits="0" branch="False" />
            <line number="44" hits="0" branch="False" />
            <line number="45" hits="0" branch="False" />
            <line number="46" hits="0" branch="False" />
            <line number="49" hits="0" branch="False" />
            <line number="50" hits="0" branch="False" />
            <line number="51" hits="0" branch="False" />
            <line number="52" hits="0" branch="False" />
            <line number="53" hits="0" branch="False" />
            <line number="54" hits="0" branch="False" />
            <line number="55" hits="0" branch="False" />
            <line number="56" hits="0" branch="False" />
            <line number="59" hits="0" branch="False" />
            <line number="62" hits="3" branch="False" />
            <line number="64" hits="3" branch="False" />
            <line number="65" hits="3" branch="False" />
            <line number="66" hits="3" branch="False" />
            <line number="67" hits="3" branch="False" />
          </lines>
        </class>
        <class name="CrudKit.EntityFrameworkCore.Dialect.SqlServerDialect" filename="CrudKit.EntityFrameworkCore\Dialect\SqlServerDialect.cs" line-rate="0" branch-rate="0" complexity="8">
          <methods>
            <method name="ApplyLike" signature="(System.Linq.IQueryable`1&lt;T&gt;,System.Linq.Expressions.Expression`1&lt;System.Func`2&lt;T,System.String&gt;&gt;,System.String)" line-rate="0" branch-rate="0" complexity="2">
              <lines>
                <line number="20" hits="0" branch="False" />
                <line number="21" hits="0" branch="False" />
                <line number="22" hits="0" branch="False" />
                <line number="24" hits="0" branch="True" condition-coverage="0% (0/2)">
                  <conditions>
                    <condition number="78" type="jump" coverage="0%" />
                  </conditions>
                </line>
                <line number="25" hits="0" branch="False" />
                <line number="27" hits="0" branch="False" />
                <line number="28" hits="0" branch="False" />
                <line number="29" hits="0" branch="False" />
                <line number="30" hits="0" branch="False" />
                <line number="31" hits="0" branch="False" />
                <line number="32" hits="0" branch="False" />
                <line number="33" hits="0" branch="False" />
                <line number="34" hits="0" branch="False" />
                <line number="35" hits="0" branch="False" />
                <line number="36" hits="0" branch="False" />
              </lines>
            </method>
            <method name="ApplyStartsWith" signature="(System.Linq.IQueryable`1&lt;T&gt;,System.Linq.Expressions.Expression`1&lt;System.Func`2&lt;T,System.String&gt;&gt;,System.String)" line-rate="0" branch-rate="0" complexity="2">
              <lines>
                <line number="42" hits="0" branch="False" />
                <line number="43" hits="0" branch="False" />
                <line number="44" hits="0" branch="False" />
                <line number="46" hits="0" branch="True" condition-coverage="0% (0/2)">
                  <conditions>
                    <condition number="78" type="jump" coverage="0%" />
                  </conditions>
                </line>
                <line number="47" hits="0" branch="False" />
                <line number="49" hits="0" branch="False" />
                <line number="50" hits="0" branch="False" />
                <line number="51" hits="0" branch="False" />
                <line number="52" hits="0" branch="False" />
                <line number="53" hits="0" branch="False" />
                <line number="54" hits="0" branch="False" />
                <line number="55" hits="0" branch="False" />
                <line number="56" hits="0" branch="False" />
                <line number="57" hits="0" branch="False" />
                <line number="58" hits="0" branch="False" />
              </lines>
            </method>
            <method name="GetUpsertSql" signature="(System.String,System.String[],System.String[])" line-rate="0" branch-rate="1" complexity="1">
              <lines>
                <line number="61" hits="0" branch="False" />
                <line number="62" hits="0" branch="False" />
                <line number="63" hits="0" branch="False" />
                <line number="64" hits="0" branch="False" />
                <line number="65" hits="0" branch="False" />
                <line number="66" hits="0" branch="False" />
                <line number="67" hits="0" branch="False" />
                <line number="68" hits="0" branch="False" />
                <line number="69" hits="0" branch="False" />
                <line number="70" hits="0" branch="False" />
                <line number="71" hits="0" branch="False" />
              </lines>
            </method>
            <method name="GetSequenceNextValueSql" signature="(System.String)" line-rate="0" branch-rate="1" complexity="1">
              <lines>
                <line number="74" hits="0" branch="False" />
              </lines>
            </method>
            <method name="ConfigureConcurrencyToken" signature="(Microsoft.EntityFrameworkCore.ModelBuilder,System.Type)" line-rate="0" branch-rate="1" complexity="1">
              <lines>
                <line number="77" hits="0" branch="False" />
                <line number="81" hits="0" branch="False" />
                <line number="82" hits="0" branch="False" />
                <line number="83" hits="0" branch="False" />
                <line number="84" hits="0" branch="False" />
              </lines>
            </method>
            <method name=".ctor" signature="()" line-rate="0" branch-rate="1" complexity="1">
              <lines>
                <line number="14" hits="0" branch="False" />
              </lines>
            </method>
          </methods>
          <lines>
            <line number="20" hits="0" branch="False" />
            <line number="21" hits="0" branch="False" />
            <line number="22" hits="0" branch="False" />
            <line number="24" hits="0" branch="True" condition-coverage="0% (0/2)">
              <conditions>
                <condition number="78" type="jump" coverage="0%" />
              </conditions>
            </line>
            <line number="25" hits="0" branch="False" />
            <line number="27" hits="0" branch="False" />
            <line number="28" hits="0" branch="False" />
            <line number="29" hits="0" branch="False" />
            <line number="30" hits="0" branch="False" />
            <line number="31" hits="0" branch="False" />
            <line number="32" hits="0" branch="False" />
            <line number="33" hits="0" branch="False" />
            <line number="34" hits="0" branch="False" />
            <line number="35" hits="0" branch="False" />
            <line number="36" hits="0" branch="False" />
            <line number="42" hits="0" branch="False" />
            <line number="43" hits="0" branch="False" />
            <line number="44" hits="0" branch="False" />
            <line number="46" hits="0" branch="True" condition-coverage="0% (0/2)">
              <conditions>
                <condition number="78" type="jump" coverage="0%" />
              </conditions>
            </line>
            <line number="47" hits="0" branch="False" />
            <line number="49" hits="0" branch="False" />
            <line number="50" hits="0" branch="False" />
            <line number="51" hits="0" branch="False" />
            <line number="52" hits="0" branch="False" />
            <line number="53" hits="0" branch="False" />
            <line number="54" hits="0" branch="False" />
            <line number="55" hits="0" branch="False" />
            <line number="56" hits="0" branch="False" />
            <line number="57" hits="0" branch="False" />
            <line number="58" hits="0" branch="False" />
            <line number="61" hits="0" branch="False" />
            <line number="62" hits="0" branch="False" />
            <line number="63" hits="0" branch="False" />
            <line number="64" hits="0" branch="False" />
            <line number="65" hits="0" branch="False" />
            <line number="66" hits="0" branch="False" />
            <line number="67" hits="0" branch="False" />
            <line number="68" hits="0" branch="False" />
            <line number="69" hits="0" branch="False" />
            <line number="70" hits="0" branch="False" />
            <line number="71" hits="0" branch="False" />
            <line number="74" hits="0" branch="False" />
            <line number="77" hits="0" branch="False" />
            <line number="81" hits="0" branch="False" />
            <line number="82" hits="0" branch="False" />
            <line number="83" hits="0" branch="False" />
            <line number="84" hits="0" branch="False" />
            <line number="14" hits="0" branch="False" />
          </lines>
        </class>
        <class name="CrudKit.EntityFrameworkCore.Auditing.DbAuditWriter" filename="CrudKit.EntityFrameworkCore\Auditing\DbAuditWriter.cs" line-rate="0" branch-rate="1" complexity="1">
          <methods>
            <method name=".ctor" signature="(System.IServiceProvider)" line-rate="0" branch-rate="1" complexity="1">
              <lines>
                <line number="18" hits="0" branch="False" />
              </lines>
            </method>
          </methods>
          <lines>
            <line number="18" hits="0" branch="False" />
          </lines>
        </class>
        <class name="CrudKit.EntityFrameworkCore.Auditing.DbAuditWriter/&lt;WriteAsync&gt;d__2" filename="CrudKit.EntityFrameworkCore\Auditing\DbAuditWriter.cs" line-rate="0" branch-rate="0" complexity="4">
          <methods>
            <method name="MoveNext" signature="()" line-rate="0" branch-rate="0" complexity="4">
              <lines>
                <line number="21" hits="0" branch="False" />
                <line number="22" hits="0" branch="True" condition-coverage="0% (0/2)">
                  <conditions>
                    <condition number="34" type="jump" coverage="0%" />
                  </conditions>
                </line>
                <line number="24" hits="0" branch="False" />
                <line number="26" hits="0" branch="True" condition-coverage="0% (0/2)">
                  <conditions>
                    <condition number="289" type="jump" coverage="0%" />
                  </conditions>
                </line>
                <line number="27" hits="0" branch="False" />
                <line number="28" hits="0" branch="False" />
                <line number="29" hits="0" branch="False" />
                <line number="30" hits="0" branch="False" />
                <line number="31" hits="0" branch="False" />
                <line number="32" hits="0" branch="False" />
                <line number="33" hits="0" branch="False" />
                <line number="34" hits="0" branch="False" />
                <line number="35" hits="0" branch="False" />
                <line number="36" hits="0" branch="False" />
                <line number="37" hits="0" branch="False" />
                <line number="38" hits="0" branch="False" />
                <line number="39" hits="0" branch="False" />
                <line number="43" hits="0" branch="False" />
                <line number="45" hits="0" branch="False" />
                <line number="46" hits="0" branch="False" />
                <line number="47" hits="0" branch="False" />
                <line number="49" hits="0" branch="False" />
                <line number="50" hits="0" branch="False" />
                <line number="51" hits="0" branch="False" />
                <line number="52" hits="0" branch="False" />
              </lines>
            </method>
          </methods>
          <lines>
            <line number="21" hits="0" branch="False" />
            <line number="22" hits="0" branch="True" condition-coverage="0% (0/2)">
              <conditions>
                <condition number="34" type="jump" coverage="0%" />
              </conditions>
            </line>
            <line number="24" hits="0" branch="False" />
            <line number="26" hits="0" branch="True" condition-coverage="0% (0/2)">
              <conditions>
                <condition number="289" type="jump" coverage="0%" />
              </conditions>
            </line>
            <line number="27" hits="0" branch="False" />
            <line number="28" hits="0" branch="False" />
            <line number="29" hits="0" branch="False" />
            <line number="30" hits="0" branch="False" />
            <line number="31" hits="0" branch="False" />
            <line number="32" hits="0" branch="False" />
            <line number="33" hits="0" branch="False" />
            <line number="34" hits="0" branch="False" />
            <line number="35" hits="0" branch="False" />
            <line number="36" hits="0" branch="False" />
            <line number="37" hits="0" branch="False" />
            <line number="38" hits="0" branch="False" />
            <line number="39" hits="0" branch="False" />
            <line number="43" hits="0" branch="False" />
            <line number="45" hits="0" branch="False" />
            <line number="46" hits="0" branch="False" />
            <line number="47" hits="0" branch="False" />
            <line number="49" hits="0" branch="False" />
            <line number="50" hits="0" branch="False" />
            <line number="51" hits="0" branch="False" />
            <line number="52" hits="0" branch="False" />
          </lines>
        </class>
      </classes>
    </package>
  </packages>
</coverage>