<?xml version="1.0" encoding="utf-8"?>
<coverage line-rate="0.9595" branch-rate="0.7892" version="1.9" timestamp="1775462997" lines-covered="736" lines-valid="767" branches-covered="221" branches-valid="280">
  <sources>
    <source>D:\Playground\CrudKit\src\CrudKit.SourceGen\</source>
  </sources>
  <packages>
    <package name="CrudKit.SourceGen" line-rate="0.9595" branch-rate="0.7892" complexity="320">
      <classes>
        <class name="CrudKit.SourceGen.CrudKitSourceGenerator" filename="CrudKitSourceGenerator.cs" line-rate="0.8901" branch-rate="0.8076000000000001" complexity="26">
          <methods>
            <method name="Initialize" signature="(Microsoft.CodeAnalysis.IncrementalGeneratorInitializationContext)" line-rate="0.8701000000000001" branch-rate="0.7726999999999999" complexity="22">
              <lines>
                <line number="27" hits="49" branch="False" />
                <line number="29" hits="49" branch="False" />
                <line number="30" hits="49" branch="False" />
                <line number="31" hits="49" branch="False" />
                <line number="32" hits="64" branch="False" />
                <line number="33" hits="49" branch="False" />
                <line number="34" hits="64" branch="False" />
                <line number="35" hits="64" branch="False" />
                <line number="36" hits="64" branch="False" />
                <line number="37" hits="64" branch="False" />
                <line number="38" hits="64" branch="False" />
                <line number="39" hits="49" branch="False" />
                <line number="42" hits="49" branch="False" />
                <line number="43" hits="64" branch="False" />
                <line number="44" hits="64" branch="False" />
                <line number="45" hits="49" branch="False" />
                <line number="46" hits="49" branch="False" />
                <line number="47" hits="64" branch="False" />
                <line number="48" hits="128" branch="True" condition-coverage="50% (1/2)">
                  <conditions>
                    <condition number="7" type="jump" coverage="50%" />
                  </conditions>
                </line>
                <line number="49" hits="49" branch="False" />
                <line number="50" hits="64" branch="True" condition-coverage="100% (2/2)">
                  <conditions>
                    <condition number="66" type="jump" coverage="100%" />
                  </conditions>
                </line>
                <line number="51" hits="64" branch="False" />
                <line number="52" hits="64" branch="False" />
                <line number="53" hits="128" branch="False" />
                <line number="54" hits="49" branch="False" />
                <line number="55" hits="49" branch="False" />
                <line number="56" hits="64" branch="True" condition-coverage="50% (3/6)">
                  <conditions>
                    <condition number="133" type="jump" coverage="50%" />
                    <condition number="160" type="jump" coverage="50%" />
                    <condition number="179" type="jump" coverage="50%" />
                  </conditions>
                </line>
                <line number="57" hits="64" branch="False" />
                <line number="58" hits="64" branch="False" />
                <line number="59" hits="0" branch="False" />
                <line number="60" hits="0" branch="False" />
                <line number="61" hits="0" branch="False" />
                <line number="62" hits="0" branch="False" />
                <line number="63" hits="0" branch="False" />
                <line number="64" hits="0" branch="False" />
                <line number="65" hits="49" branch="False" />
                <line number="66" hits="64" branch="False" />
                <line number="67" hits="49" branch="False" />
                <line number="68" hits="64" branch="False" />
                <line number="69" hits="64" branch="True" condition-coverage="100% (2/2)">
                  <conditions>
                    <condition number="234" type="jump" coverage="100%" />
                  </conditions>
                </line>
                <line number="70" hits="0" branch="False" />
                <line number="71" hits="49" branch="False" />
                <line number="72" hits="49" branch="False" />
                <line number="73" hits="64" branch="False" />
                <line number="74" hits="192" branch="True" condition-coverage="50% (1/2)">
                  <conditions>
                    <condition number="285" type="jump" coverage="50%" />
                  </conditions>
                </line>
                <line number="75" hits="0" branch="False" />
                <line number="76" hits="49" branch="False" />
                <line number="77" hits="49" branch="False" />
                <line number="78" hits="64" branch="True" condition-coverage="100% (2/2)">
                  <conditions>
                    <condition number="315" type="jump" coverage="100%" />
                  </conditions>
                </line>
                <line number="79" hits="0" branch="False" />
                <line number="80" hits="49" branch="False" />
                <line number="81" hits="49" branch="False" />
                <line number="82" hits="64" branch="False" />
                <line number="83" hits="113" branch="False" />
                <line number="86" hits="49" branch="False" />
                <line number="87" hits="64" branch="False" />
                <line number="88" hits="64" branch="False" />
                <line number="89" hits="64" branch="False" />
                <line number="90" hits="49" branch="False" />
                <line number="93" hits="49" branch="False" />
                <line number="94" hits="49" branch="False" />
                <line number="95" hits="49" branch="True" condition-coverage="100% (2/2)">
                  <conditions>
                    <condition number="10" type="jump" coverage="100%" />
                  </conditions>
                </line>
                <line number="96" hits="0" branch="False" />
                <line number="97" hits="49" branch="False" />
                <line number="98" hits="49" branch="False" />
                <line number="99" hits="49" branch="False" />
                <line number="100" hits="49" branch="False" />
                <line number="101" hits="49" branch="False" />
                <line number="102" hits="49" branch="True" condition-coverage="100% (2/2)">
                  <conditions>
                    <condition number="46" type="jump" coverage="100%" />
                  </conditions>
                </line>
                <line number="103" hits="49" branch="False" />
                <line number="104" hits="49" branch="False" />
                <line number="105" hits="49" branch="False" />
                <line number="106" hits="49" branch="False" />
                <line number="107" hits="49" branch="True" condition-coverage="100% (2/2)">
                  <conditions>
                    <condition number="82" type="jump" coverage="100%" />
                  </conditions>
                </line>
                <line number="108" hits="49" branch="False" />
                <line number="109" hits="98" branch="False" />
                <line number="110" hits="49" branch="False" />
              </lines>
            </method>
            <method name="EmitPerEntityFiles" signature="(Microsoft.CodeAnalysis.SourceProductionContext,CrudKit.SourceGen.Models.EntityMetadata)" line-rate="1" branch-rate="1" complexity="4">
              <lines>
                <line number="117" hits="64" branch="False" />
                <line number="119" hits="64" branch="False" />
                <line number="120" hits="64" branch="True" condition-coverage="100% (2/2)">
                  <conditions>
                    <condition number="16" type="jump" coverage="100%" />
                  </conditions>
                </line>
                <line number="121" hits="53" branch="False" />
                <line number="124" hits="64" branch="False" />
                <line number="125" hits="64" branch="True" condition-coverage="100% (2/2)">
                  <conditions>
                    <condition number="58" type="jump" coverage="100%" />
                  </conditions>
                </line>
                <line number="126" hits="53" branch="False" />
                <line number="129" hits="64" branch="False" />
                <line number="130" hits="64" branch="False" />
                <line number="133" hits="64" branch="False" />
                <line number="134" hits="64" branch="False" />
                <line number="137" hits="64" branch="False" />
                <line number="138" hits="64" branch="False" />
                <line number="139" hits="64" branch="False" />
              </lines>
            </method>
          </methods>
          <lines>
            <line number="27" hits="49" branch="False" />
            <line number="29" hits="49" branch="False" />
            <line number="30" hits="49" branch="False" />
            <line number="31" hits="49" branch="False" />
            <line number="32" hits="64" branch="False" />
            <line number="33" hits="49" branch="False" />
            <line number="34" hits="64" branch="False" />
            <line number="35" hits="64" branch="False" />
            <line number="36" hits="64" branch="False" />
            <line number="37" hits="64" branch="False" />
            <line number="38" hits="64" branch="False" />
            <line number="39" hits="49" branch="False" />
            <line number="42" hits="49" branch="False" />
            <line number="43" hits="64" branch="False" />
            <line number="44" hits="64" branch="False" />
            <line number="45" hits="49" branch="False" />
            <line number="46" hits="49" branch="False" />
            <line number="47" hits="64" branch="False" />
            <line number="48" hits="128" branch="True" condition-coverage="50% (1/2)">
              <conditions>
                <condition number="7" type="jump" coverage="50%" />
              </conditions>
            </line>
            <line number="49" hits="49" branch="False" />
            <line number="50" hits="64" branch="True" condition-coverage="100% (2/2)">
              <conditions>
                <condition number="66" type="jump" coverage="100%" />
              </conditions>
            </line>
            <line number="51" hits="64" branch="False" />
            <line number="52" hits="64" branch="False" />
            <line number="53" hits="128" branch="False" />
            <line number="54" hits="49" branch="False" />
            <line number="55" hits="49" branch="False" />
            <line number="56" hits="64" branch="True" condition-coverage="50% (3/6)">
              <conditions>
                <condition number="133" type="jump" coverage="50%" />
                <condition number="160" type="jump" coverage="50%" />
                <condition number="179" type="jump" coverage="50%" />
              </conditions>
            </line>
            <line number="57" hits="64" branch="False" />
            <line number="58" hits="64" branch="False" />
            <line number="59" hits="0" branch="False" />
            <line number="60" hits="0" branch="False" />
            <line number="61" hits="0" branch="False" />
            <line number="62" hits="0" branch="False" />
            <line number="63" hits="0" branch="False" />
            <line number="64" hits="0" branch="False" />
            <line number="65" hits="49" branch="False" />
            <line number="66" hits="64" branch="False" />
            <line number="67" hits="49" branch="False" />
            <line number="68" hits="64" branch="False" />
            <line number="69" hits="64" branch="True" condition-coverage="100% (2/2)">
              <conditions>
                <condition number="234" type="jump" coverage="100%" />
              </conditions>
            </line>
            <line number="70" hits="0" branch="False" />
            <line number="71" hits="49" branch="False" />
            <line number="72" hits="49" branch="False" />
            <line number="73" hits="64" branch="False" />
            <line number="74" hits="192" branch="True" condition-coverage="50% (1/2)">
              <conditions>
                <condition number="285" type="jump" coverage="50%" />
              </conditions>
            </line>
            <line number="75" hits="0" branch="False" />
            <line number="76" hits="49" branch="False" />
            <line number="77" hits="49" branch="False" />
            <line number="78" hits="64" branch="True" condition-coverage="100% (2/2)">
              <conditions>
                <condition number="315" type="jump" coverage="100%" />
              </conditions>
            </line>
            <line number="79" hits="0" branch="False" />
            <line number="80" hits="49" branch="False" />
            <line number="81" hits="49" branch="False" />
            <line number="82" hits="64" branch="False" />
            <line number="83" hits="113" branch="False" />
            <line number="86" hits="49" branch="False" />
            <line number="87" hits="64" branch="False" />
            <line number="88" hits="64" branch="False" />
            <line number="89" hits="64" branch="False" />
            <line number="90" hits="49" branch="False" />
            <line number="93" hits="49" branch="False" />
            <line number="94" hits="49" branch="False" />
            <line number="95" hits="49" branch="True" condition-coverage="100% (2/2)">
              <conditions>
                <condition number="10" type="jump" coverage="100%" />
              </conditions>
            </line>
            <line number="96" hits="0" branch="False" />
            <line number="97" hits="49" branch="False" />
            <line number="98" hits="49" branch="False" />
            <line number="99" hits="49" branch="False" />
            <line number="100" hits="49" branch="False" />
            <line number="101" hits="49" branch="False" />
            <line number="102" hits="49" branch="True" condition-coverage="100% (2/2)">
              <conditions>
                <condition number="46" type="jump" coverage="100%" />
              </conditions>
            </line>
            <line number="103" hits="49" branch="False" />
            <line number="104" hits="49" branch="False" />
            <line number="105" hits="49" branch="False" />
            <line number="106" hits="49" branch="False" />
            <line number="107" hits="49" branch="True" condition-coverage="100% (2/2)">
              <conditions>
                <condition number="82" type="jump" coverage="100%" />
              </conditions>
            </line>
            <line number="108" hits="49" branch="False" />
            <line number="109" hits="98" branch="False" />
            <line number="110" hits="49" branch="False" />
            <line number="117" hits="64" branch="False" />
            <line number="119" hits="64" branch="False" />
            <line number="120" hits="64" branch="True" condition-coverage="100% (2/2)">
              <conditions>
                <condition number="16" type="jump" coverage="100%" />
              </conditions>
            </line>
            <line number="121" hits="53" branch="False" />
            <line number="124" hits="64" branch="False" />
            <line number="125" hits="64" branch="True" condition-coverage="100% (2/2)">
              <conditions>
                <condition number="58" type="jump" coverage="100%" />
              </conditions>
            </line>
            <line number="126" hits="53" branch="False" />
            <line number="129" hits="64" branch="False" />
            <line number="130" hits="64" branch="False" />
            <line number="133" hits="64" branch="False" />
            <line number="134" hits="64" branch="False" />
            <line number="137" hits="64" branch="False" />
            <line number="138" hits="64" branch="False" />
            <line number="139" hits="64" branch="False" />
          </lines>
        </class>
        <class name="CrudKit.SourceGen.Parsing.EntityParser" filename="Parsing\EntityParser.cs" line-rate="0.9842" branch-rate="0.6875" complexity="67">
          <methods>
            <method name="Parse" signature="(Microsoft.CodeAnalysis.INamedTypeSymbol)" line-rate="0.9756" branch-rate="0.5" complexity="12">
              <lines>
                <line number="31" hits="192" branch="False" />
                <line number="32" hits="192" branch="False" />
                <line number="33" hits="384" branch="True" condition-coverage="50% (1/2)">
                  <conditions>
                    <condition number="7" type="jump" coverage="50%" />
                  </conditions>
                </line>
                <line number="35" hits="192" branch="True" condition-coverage="50% (1/2)">
                  <conditions>
                    <condition number="52" type="jump" coverage="50%" />
                  </conditions>
                </line>
                <line number="36" hits="0" branch="False" />
                <line number="38" hits="192" branch="False" />
                <line number="40" hits="192" branch="False" />
                <line number="41" hits="192" branch="True" condition-coverage="50% (2/4)">
                  <conditions>
                    <condition number="83" type="jump" coverage="50%" />
                    <condition number="96" type="jump" coverage="50%" />
                  </conditions>
                </line>
                <line number="42" hits="192" branch="True" condition-coverage="50% (1/2)">
                  <conditions>
                    <condition number="111" type="jump" coverage="50%" />
                  </conditions>
                </line>
                <line number="43" hits="192" branch="False" />
                <line number="44" hits="192" branch="False" />
                <line number="45" hits="192" branch="False" />
                <line number="46" hits="192" branch="False" />
                <line number="47" hits="192" branch="False" />
                <line number="48" hits="192" branch="False" />
                <line number="49" hits="192" branch="False" />
                <line number="50" hits="192" branch="False" />
                <line number="51" hits="192" branch="False" />
                <line number="53" hits="192" branch="True" condition-coverage="50% (1/2)">
                  <conditions>
                    <condition number="276" type="jump" coverage="50%" />
                  </conditions>
                </line>
                <line number="54" hits="192" branch="False" />
                <line number="55" hits="192" branch="False" />
                <line number="56" hits="192" branch="False" />
                <line number="58" hits="192" branch="False" />
                <line number="60" hits="192" branch="False" />
                <line number="61" hits="192" branch="False" />
                <line number="62" hits="192" branch="False" />
                <line number="63" hits="192" branch="False" />
                <line number="64" hits="192" branch="False" />
                <line number="65" hits="192" branch="False" />
                <line number="66" hits="192" branch="False" />
                <line number="67" hits="192" branch="False" />
                <line number="68" hits="192" branch="False" />
                <line number="69" hits="192" branch="False" />
                <line number="70" hits="192" branch="False" />
                <line number="71" hits="192" branch="False" />
                <line number="72" hits="192" branch="False" />
                <line number="73" hits="192" branch="False" />
                <line number="74" hits="192" branch="False" />
                <line number="75" hits="192" branch="False" />
                <line number="76" hits="192" branch="False" />
                <line number="77" hits="192" branch="False" />
              </lines>
            </method>
            <method name="ParseProperties" signature="(Microsoft.CodeAnalysis.INamedTypeSymbol)" line-rate="0.9229999999999999" branch-rate="0.8332999999999999" complexity="12">
              <lines>
                <line number="84" hits="192" branch="False" />
                <line number="85" hits="192" branch="False" />
                <line number="88" hits="10392" branch="True" condition-coverage="100% (2/2)">
                  <conditions>
                    <condition number="147" type="jump" coverage="100%" />
                  </conditions>
                </line>
                <line number="89" hits="4908" branch="False" />
                <line number="90" hits="8637" branch="True" condition-coverage="100% (2/2)">
                  <conditions>
                    <condition number="54" type="jump" coverage="100%" />
                  </conditions>
                </line>
                <line number="91" hits="1179" branch="True" condition-coverage="66.66% (4/6)">
                  <conditions>
                    <condition number="65" type="jump" coverage="50%" />
                    <condition number="74" type="jump" coverage="50%" />
                    <condition number="96" type="jump" coverage="100%" />
                  </conditions>
                </line>
                <line number="92" hits="0" branch="False" />
                <line number="93" hits="1179" branch="True" condition-coverage="100% (2/2)">
                  <conditions>
                    <condition number="121" type="jump" coverage="100%" />
                  </conditions>
                </line>
                <line number="94" hits="663" branch="False" />
                <line number="96" hits="516" branch="False" />
                <line number="97" hits="516" branch="False" />
                <line number="99" hits="192" branch="False" />
                <line number="100" hits="192" branch="False" />
              </lines>
            </method>
            <method name="ParseProperty" signature="(Microsoft.CodeAnalysis.IPropertySymbol)" line-rate="1" branch-rate="0.75" complexity="20">
              <lines>
                <line number="103" hits="516" branch="False" />
                <line number="104" hits="516" branch="True" condition-coverage="100% (2/2)">
                  <conditions>
                    <condition number="8" type="jump" coverage="100%" />
                  </conditions>
                </line>
                <line number="105" hits="516" branch="False" />
                <line number="107" hits="516" branch="False" />
                <line number="108" hits="516" branch="False" />
                <line number="111" hits="516" branch="False" />
                <line number="112" hits="516" branch="False" />
                <line number="113" hits="516" branch="False" />
                <line number="114" hits="516" branch="False" />
                <line number="115" hits="516" branch="False" />
                <line number="116" hits="516" branch="False" />
                <line number="117" hits="516" branch="False" />
                <line number="120" hits="516" branch="False" />
                <line number="121" hits="516" branch="False" />
                <line number="122" hits="516" branch="False" />
                <line number="123" hits="516" branch="True" condition-coverage="100% (4/4)">
                  <conditions>
                    <condition number="165" type="jump" coverage="100%" />
                    <condition number="193" type="jump" coverage="100%" />
                  </conditions>
                </line>
                <line number="124" hits="36" branch="False" />
                <line number="125" hits="36" branch="False" />
                <line number="126" hits="36" branch="True" condition-coverage="50% (1/2)">
                  <conditions>
                    <condition number="226" type="jump" coverage="50%" />
                  </conditions>
                </line>
                <line number="127" hits="36" branch="False" />
                <line number="130" hits="516" branch="False" />
                <line number="131" hits="516" branch="False" />
                <line number="132" hits="516" branch="False" />
                <line number="133" hits="516" branch="False" />
                <line number="134" hits="516" branch="True" condition-coverage="100% (4/4)">
                  <conditions>
                    <condition number="275" type="jump" coverage="100%" />
                    <condition number="306" type="jump" coverage="100%" />
                  </conditions>
                </line>
                <line number="135" hits="36" branch="False" />
                <line number="136" hits="36" branch="False" />
                <line number="137" hits="36" branch="True" condition-coverage="50% (2/4)">
                  <conditions>
                    <condition number="339" type="jump" coverage="50%" />
                    <condition number="351" type="jump" coverage="50%" />
                  </conditions>
                </line>
                <line number="138" hits="36" branch="True" condition-coverage="50% (2/4)">
                  <conditions>
                    <condition number="388" type="jump" coverage="50%" />
                    <condition number="400" type="jump" coverage="50%" />
                  </conditions>
                </line>
                <line number="139" hits="36" branch="False" />
                <line number="141" hits="516" branch="False" />
                <line number="142" hits="516" branch="False" />
                <line number="143" hits="516" branch="False" />
                <line number="144" hits="516" branch="False" />
                <line number="145" hits="516" branch="False" />
                <line number="146" hits="516" branch="False" />
                <line number="147" hits="516" branch="False" />
                <line number="148" hits="516" branch="False" />
                <line number="149" hits="516" branch="False" />
                <line number="150" hits="516" branch="False" />
                <line number="151" hits="516" branch="False" />
                <line number="152" hits="516" branch="False" />
                <line number="153" hits="516" branch="False" />
                <line number="154" hits="516" branch="False" />
                <line number="155" hits="516" branch="False" />
                <line number="156" hits="516" branch="False" />
                <line number="157" hits="516" branch="False" />
                <line number="158" hits="516" branch="False" />
              </lines>
            </method>
            <method name="ImplementsInterface" signature="(Microsoft.CodeAnalysis.INamedTypeSymbol,System.String)" line-rate="1" branch-rate="1" complexity="1">
              <lines>
                <line number="165" hits="576" branch="False" />
                <line number="166" hits="2838" branch="False" />
                <line number="167" hits="576" branch="False" />
              </lines>
            </method>
            <method name="HasAttribute" signature="(Microsoft.CodeAnalysis.ISymbol,System.String)" line-rate="1" branch-rate="0.5" complexity="2">
              <lines>
                <line number="170" hits="5718" branch="True" condition-coverage="50% (1/2)">
                  <conditions>
                    <condition number="7" type="jump" coverage="50%" />
                  </conditions>
                </line>
              </lines>
            </method>
            <method name="GetAttribute" signature="(Microsoft.CodeAnalysis.ISymbol,System.String)" line-rate="1" branch-rate="0.5" complexity="2">
              <lines>
                <line number="173" hits="1644" branch="True" condition-coverage="50% (1/2)">
                  <conditions>
                    <condition number="7" type="jump" coverage="50%" />
                  </conditions>
                </line>
              </lines>
            </method>
            <method name="IsNullableValueType" signature="(Microsoft.CodeAnalysis.ITypeSymbol)" line-rate="1" branch-rate="0.5" complexity="2">
              <lines>
                <line number="176" hits="462" branch="False" />
                <line number="177" hits="462" branch="True" condition-coverage="50% (1/2)">
                  <conditions>
                    <condition number="8" type="jump" coverage="50%" />
                  </conditions>
                </line>
                <line number="178" hits="462" branch="False" />
              </lines>
            </method>
            <method name="GetTypeName" signature="(Microsoft.CodeAnalysis.ITypeSymbol)" line-rate="1" branch-rate="1" complexity="1">
              <lines>
                <line number="181" hits="516" branch="False" />
                <line number="183" hits="516" branch="False" />
                <line number="184" hits="516" branch="False" />
                <line number="185" hits="516" branch="False" />
              </lines>
            </method>
            <method name="BuildAttributeArguments" signature="(Microsoft.CodeAnalysis.AttributeData)" line-rate="1" branch-rate="1" complexity="2">
              <lines>
                <line number="192" hits="192" branch="False" />
                <line number="193" hits="192" branch="False" />
                <line number="196" hits="1140" branch="True" condition-coverage="100% (2/2)">
                  <conditions>
                    <condition number="75" type="jump" coverage="100%" />
                  </conditions>
                </line>
                <line number="197" hits="282" branch="False" />
                <line number="199" hits="192" branch="False" />
                <line number="200" hits="192" branch="False" />
              </lines>
            </method>
            <method name="GetBool" signature="(System.Collections.Generic.Dictionary`2&lt;System.String,System.Object&gt;,System.String,System.Boolean)" line-rate="1" branch-rate="1" complexity="4">
              <lines>
                <line number="203" hits="1344" branch="True" condition-coverage="100% (4/4)">
                  <conditions>
                    <condition number="9" type="jump" coverage="100%" />
                    <condition number="17" type="jump" coverage="100%" />
                  </conditions>
                </line>
              </lines>
            </method>
            <method name="GetString" signature="(System.Collections.Generic.Dictionary`2&lt;System.String,System.Object&gt;,System.String,System.String)" line-rate="1" branch-rate="0.5" complexity="6">
              <lines>
                <line number="206" hits="192" branch="True" condition-coverage="50% (3/6)">
                  <conditions>
                    <condition number="9" type="jump" coverage="50%" />
                    <condition number="19" type="jump" coverage="50%" />
                    <condition number="27" type="jump" coverage="50%" />
                  </conditions>
                </line>
              </lines>
            </method>
            <method name="GetNullableString" signature="(System.Collections.Generic.Dictionary`2&lt;System.String,System.Object&gt;,System.String)" line-rate="1" branch-rate="0.5" complexity="2">
              <lines>
                <line number="209" hits="192" branch="True" condition-coverage="50% (1/2)">
                  <conditions>
                    <condition number="9" type="jump" coverage="50%" />
                  </conditions>
                </line>
              </lines>
            </method>
            <method name=".cctor" signature="()" line-rate="1" branch-rate="1" complexity="1">
              <lines>
                <line number="15" hits="1" branch="False" />
                <line number="16" hits="1" branch="False" />
                <line number="17" hits="1" branch="False" />
                <line number="18" hits="1" branch="False" />
              </lines>
            </method>
          </methods>
          <lines>
            <line number="31" hits="192" branch="False" />
            <line number="32" hits="192" branch="False" />
            <line number="33" hits="384" branch="True" condition-coverage="50% (1/2)">
              <conditions>
                <condition number="7" type="jump" coverage="50%" />
              </conditions>
            </line>
            <line number="35" hits="192" branch="True" condition-coverage="50% (1/2)">
              <conditions>
                <condition number="52" type="jump" coverage="50%" />
              </conditions>
            </line>
            <line number="36" hits="0" branch="False" />
            <line number="38" hits="192" branch="False" />
            <line number="40" hits="192" branch="False" />
            <line number="41" hits="192" branch="True" condition-coverage="50% (2/4)">
              <conditions>
                <condition number="83" type="jump" coverage="50%" />
                <condition number="96" type="jump" coverage="50%" />
              </conditions>
            </line>
            <line number="42" hits="192" branch="True" condition-coverage="50% (1/2)">
              <conditions>
                <condition number="111" type="jump" coverage="50%" />
              </conditions>
            </line>
            <line number="43" hits="192" branch="False" />
            <line number="44" hits="192" branch="False" />
            <line number="45" hits="192" branch="False" />
            <line number="46" hits="192" branch="False" />
            <line number="47" hits="192" branch="False" />
            <line number="48" hits="192" branch="False" />
            <line number="49" hits="192" branch="False" />
            <line number="50" hits="192" branch="False" />
            <line number="51" hits="192" branch="False" />
            <line number="53" hits="192" branch="True" condition-coverage="50% (1/2)">
              <conditions>
                <condition number="276" type="jump" coverage="50%" />
              </conditions>
            </line>
            <line number="54" hits="192" branch="False" />
            <line number="55" hits="192" branch="False" />
            <line number="56" hits="192" branch="False" />
            <line number="58" hits="192" branch="False" />
            <line number="60" hits="192" branch="False" />
            <line number="61" hits="192" branch="False" />
            <line number="62" hits="192" branch="False" />
            <line number="63" hits="192" branch="False" />
            <line number="64" hits="192" branch="False" />
            <line number="65" hits="192" branch="False" />
            <line number="66" hits="192" branch="False" />
            <line number="67" hits="192" branch="False" />
            <line number="68" hits="192" branch="False" />
            <line number="69" hits="192" branch="False" />
            <line number="70" hits="192" branch="False" />
            <line number="71" hits="192" branch="False" />
            <line number="72" hits="192" branch="False" />
            <line number="73" hits="192" branch="False" />
            <line number="74" hits="192" branch="False" />
            <line number="75" hits="192" branch="False" />
            <line number="76" hits="192" branch="False" />
            <line number="77" hits="192" branch="False" />
            <line number="84" hits="192" branch="False" />
            <line number="85" hits="192" branch="False" />
            <line number="88" hits="10392" branch="True" condition-coverage="100% (2/2)">
              <conditions>
                <condition number="147" type="jump" coverage="100%" />
              </conditions>
            </line>
            <line number="89" hits="4908" branch="False" />
            <line number="90" hits="8637" branch="True" condition-coverage="100% (2/2)">
              <conditions>
                <condition number="54" type="jump" coverage="100%" />
              </conditions>
            </line>
            <line number="91" hits="1179" branch="True" condition-coverage="66.66% (4/6)">
              <conditions>
                <condition number="65" type="jump" coverage="50%" />
                <condition number="74" type="jump" coverage="50%" />
                <condition number="96" type="jump" coverage="100%" />
              </conditions>
            </line>
            <line number="92" hits="0" branch="False" />
            <line number="93" hits="1179" branch="True" condition-coverage="100% (2/2)">
              <conditions>
                <condition number="121" type="jump" coverage="100%" />
              </conditions>
            </line>
            <line number="94" hits="663" branch="False" />
            <line number="96" hits="516" branch="False" />
            <line number="97" hits="516" branch="False" />
            <line number="99" hits="192" branch="False" />
            <line number="100" hits="192" branch="False" />
            <line number="103" hits="516" branch="False" />
            <line number="104" hits="516" branch="True" condition-coverage="100% (2/2)">
              <conditions>
                <condition number="8" type="jump" coverage="100%" />
              </conditions>
            </line>
            <line number="105" hits="516" branch="False" />
            <line number="107" hits="516" branch="False" />
            <line number="108" hits="516" branch="False" />
            <line number="111" hits="516" branch="False" />
            <line number="112" hits="516" branch="False" />
            <line number="113" hits="516" branch="False" />
            <line number="114" hits="516" branch="False" />
            <line number="115" hits="516" branch="False" />
            <line number="116" hits="516" branch="False" />
            <line number="117" hits="516" branch="False" />
            <line number="120" hits="516" branch="False" />
            <line number="121" hits="516" branch="False" />
            <line number="122" hits="516" branch="False" />
            <line number="123" hits="516" branch="True" condition-coverage="100% (4/4)">
              <conditions>
                <condition number="165" type="jump" coverage="100%" />
                <condition number="193" type="jump" coverage="100%" />
              </conditions>
            </line>
            <line number="124" hits="36" branch="False" />
            <line number="125" hits="36" branch="False" />
            <line number="126" hits="36" branch="True" condition-coverage="50% (1/2)">
              <conditions>
                <condition number="226" type="jump" coverage="50%" />
              </conditions>
            </line>
            <line number="127" hits="36" branch="False" />
            <line number="130" hits="516" branch="False" />
            <line number="131" hits="516" branch="False" />
            <line number="132" hits="516" branch="False" />
            <line number="133" hits="516" branch="False" />
            <line number="134" hits="516" branch="True" condition-coverage="100% (4/4)">
              <conditions>
                <condition number="275" type="jump" coverage="100%" />
                <condition number="306" type="jump" coverage="100%" />
              </conditions>
            </line>
            <line number="135" hits="36" branch="False" />
            <line number="136" hits="36" branch="False" />
            <line number="137" hits="36" branch="True" condition-coverage="50% (2/4)">
              <conditions>
                <condition number="339" type="jump" coverage="50%" />
                <condition number="351" type="jump" coverage="50%" />
              </conditions>
            </line>
            <line number="138" hits="36" branch="True" condition-coverage="50% (2/4)">
              <conditions>
                <condition number="388" type="jump" coverage="50%" />
                <condition number="400" type="jump" coverage="50%" />
              </conditions>
            </line>
            <line number="139" hits="36" branch="False" />
            <line number="141" hits="516" branch="False" />
            <line number="142" hits="516" branch="False" />
            <line number="143" hits="516" branch="False" />
            <line number="144" hits="516" branch="False" />
            <line number="145" hits="516" branch="False" />
            <line number="146" hits="516" branch="False" />
            <line number="147" hits="516" branch="False" />
            <line number="148" hits="516" branch="False" />
            <line number="149" hits="516" branch="False" />
            <line number="150" hits="516" branch="False" />
            <line number="151" hits="516" branch="False" />
            <line number="152" hits="516" branch="False" />
            <line number="153" hits="516" branch="False" />
            <line number="154" hits="516" branch="False" />
            <line number="155" hits="516" branch="False" />
            <line number="156" hits="516" branch="False" />
            <line number="157" hits="516" branch="False" />
            <line number="158" hits="516" branch="False" />
            <line number="165" hits="576" branch="False" />
            <line number="166" hits="2838" branch="False" />
            <line number="167" hits="576" branch="False" />
            <line number="170" hits="5718" branch="True" condition-coverage="50% (1/2)">
              <conditions>
                <condition number="7" type="jump" coverage="50%" />
              </conditions>
            </line>
            <line number="173" hits="1644" branch="True" condition-coverage="50% (1/2)">
              <conditions>
                <condition number="7" type="jump" coverage="50%" />
              </conditions>
            </line>
            <line number="176" hits="462" branch="False" />
            <line number="177" hits="462" branch="True" condition-coverage="50% (1/2)">
              <conditions>
                <condition number="8" type="jump" coverage="50%" />
              </conditions>
            </line>
            <line number="178" hits="462" branch="False" />
            <line number="181" hits="516" branch="False" />
            <line number="183" hits="516" branch="False" />
            <line number="184" hits="516" branch="False" />
            <line number="185" hits="516" branch="False" />
            <line number="192" hits="192" branch="False" />
            <line number="193" hits="192" branch="False" />
            <line number="196" hits="1140" branch="True" condition-coverage="100% (2/2)">
              <conditions>
                <condition number="75" type="jump" coverage="100%" />
              </conditions>
            </line>
            <line number="197" hits="282" branch="False" />
            <line number="199" hits="192" branch="False" />
            <line number="200" hits="192" branch="False" />
            <line number="203" hits="1344" branch="True" condition-coverage="100% (4/4)">
              <conditions>
                <condition number="9" type="jump" coverage="100%" />
                <condition number="17" type="jump" coverage="100%" />
              </conditions>
            </line>
            <line number="206" hits="192" branch="True" condition-coverage="50% (3/6)">
              <conditions>
                <condition number="9" type="jump" coverage="50%" />
                <condition number="19" type="jump" coverage="50%" />
                <condition number="27" type="jump" coverage="50%" />
              </conditions>
            </line>
            <line number="209" hits="192" branch="True" condition-coverage="50% (1/2)">
              <conditions>
                <condition number="9" type="jump" coverage="50%" />
              </conditions>
            </line>
            <line number="15" hits="1" branch="False" />
            <line number="16" hits="1" branch="False" />
            <line number="17" hits="1" branch="False" />
            <line number="18" hits="1" branch="False" />
          </lines>
        </class>
        <class name="CrudKit.SourceGen.Models.EntityMetadata" filename="Models\EntityMetadata.cs" line-rate="0.9215000000000001" branch-rate="1" complexity="17">
          <methods>
            <method name="get_Name" signature="()" line-rate="1" branch-rate="1" complexity="1">
              <lines>
                <line number="10" hits="2850" branch="False" />
              </lines>
            </method>
            <method name="get_Namespace" signature="()" line-rate="1" branch-rate="1" complexity="1">
              <lines>
                <line number="11" hits="1146" branch="False" />
              </lines>
            </method>
            <method name="get_FullName" signature="()" line-rate="1" branch-rate="1" complexity="1">
              <lines>
                <line number="14" hits="64" branch="False" />
              </lines>
            </method>
            <method name="get_Table" signature="()" line-rate="1" branch-rate="1" complexity="1">
              <lines>
                <line number="17" hits="68" branch="False" />
              </lines>
            </method>
            <method name="get_MultiTenant" signature="()" line-rate="1" branch-rate="1" complexity="1">
              <lines>
                <line number="20" hits="68" branch="False" />
              </lines>
            </method>
            <method name="get_ReadOnly" signature="()" line-rate="1" branch-rate="1" complexity="1">
              <lines>
                <line number="21" hits="64" branch="False" />
              </lines>
            </method>
            <method name="get_IsCreateEnabled" signature="()" line-rate="1" branch-rate="1" complexity="1">
              <lines>
                <line number="22" hits="247" branch="False" />
              </lines>
            </method>
            <method name="get_IsUpdateEnabled" signature="()" line-rate="1" branch-rate="1" complexity="1">
              <lines>
                <line number="23" hits="194" branch="False" />
              </lines>
            </method>
            <method name="get_IsDeleteEnabled" signature="()" line-rate="0" branch-rate="1" complexity="1">
              <lines>
                <line number="24" hits="0" branch="False" />
              </lines>
            </method>
            <method name="get_EnableBulkUpdate" signature="()" line-rate="0" branch-rate="1" complexity="1">
              <lines>
                <line number="25" hits="0" branch="False" />
              </lines>
            </method>
            <method name="get_EnableBulkDelete" signature="()" line-rate="0" branch-rate="1" complexity="1">
              <lines>
                <line number="26" hits="0" branch="False" />
              </lines>
            </method>
            <method name="get_Workflow" signature="()" line-rate="0" branch-rate="1" complexity="1">
              <lines>
                <line number="27" hits="0" branch="False" />
              </lines>
            </method>
            <method name="get_ImplementsIEntity" signature="()" line-rate="1" branch-rate="1" complexity="1">
              <lines>
                <line number="30" hits="196" branch="False" />
              </lines>
            </method>
            <method name="get_ImplementsISoftDeletable" signature="()" line-rate="1" branch-rate="1" complexity="1">
              <lines>
                <line number="31" hits="128" branch="False" />
              </lines>
            </method>
            <method name="get_ImplementsIMultiTenant" signature="()" line-rate="1" branch-rate="1" complexity="1">
              <lines>
                <line number="32" hits="139" branch="False" />
              </lines>
            </method>
            <method name="get_Properties" signature="()" line-rate="1" branch-rate="1" complexity="1">
              <lines>
                <line number="37" hits="362" branch="False" />
              </lines>
            </method>
            <method name=".ctor" signature="(System.String,System.String,System.String,System.String,System.Boolean,System.Boolean,System.Boolean,System.Boolean,System.Boolean,System.Boolean,System.Boolean,System.String,System.Boolean,System.Boolean,System.Boolean,System.Collections.Generic.IReadOnlyList`1&lt;CrudKit.SourceGen.Models.PropertyMetadata&gt;)" line-rate="1" branch-rate="1" complexity="1">
              <lines>
                <line number="39" hits="196" branch="False" />
                <line number="40" hits="196" branch="False" />
                <line number="41" hits="196" branch="False" />
                <line number="42" hits="196" branch="False" />
                <line number="43" hits="196" branch="False" />
                <line number="44" hits="196" branch="False" />
                <line number="45" hits="196" branch="False" />
                <line number="46" hits="196" branch="False" />
                <line number="47" hits="196" branch="False" />
                <line number="48" hits="196" branch="False" />
                <line number="49" hits="196" branch="False" />
                <line number="50" hits="196" branch="False" />
                <line number="51" hits="196" branch="False" />
                <line number="52" hits="196" branch="False" />
                <line number="53" hits="196" branch="False" />
                <line number="54" hits="196" branch="False" />
                <line number="55" hits="196" branch="False" />
                <line number="56" hits="196" branch="False" />
                <line number="57" hits="196" branch="False" />
                <line number="58" hits="196" branch="False" />
                <line number="59" hits="196" branch="False" />
                <line number="60" hits="196" branch="False" />
                <line number="61" hits="196" branch="False" />
                <line number="62" hits="196" branch="False" />
                <line number="63" hits="196" branch="False" />
                <line number="64" hits="196" branch="False" />
                <line number="65" hits="196" branch="False" />
                <line number="66" hits="196" branch="False" />
                <line number="67" hits="196" branch="False" />
                <line number="68" hits="196" branch="False" />
                <line number="69" hits="196" branch="False" />
                <line number="70" hits="196" branch="False" />
                <line number="71" hits="196" branch="False" />
                <line number="72" hits="196" branch="False" />
                <line number="73" hits="196" branch="False" />
              </lines>
            </method>
          </methods>
          <lines>
            <line number="10" hits="2850" branch="False" />
            <line number="11" hits="1146" branch="False" />
            <line number="14" hits="64" branch="False" />
            <line number="17" hits="68" branch="False" />
            <line number="20" hits="68" branch="False" />
            <line number="21" hits="64" branch="False" />
            <line number="22" hits="247" branch="False" />
            <line number="23" hits="194" branch="False" />
            <line number="24" hits="0" branch="False" />
            <line number="25" hits="0" branch="False" />
            <line number="26" hits="0" branch="False" />
            <line number="27" hits="0" branch="False" />
            <line number="30" hits="196" branch="False" />
            <line number="31" hits="128" branch="False" />
            <line number="32" hits="139" branch="False" />
            <line number="37" hits="362" branch="False" />
            <line number="39" hits="196" branch="False" />
            <line number="40" hits="196" branch="False" />
            <line number="41" hits="196" branch="False" />
            <line number="42" hits="196" branch="False" />
            <line number="43" hits="196" branch="False" />
            <line number="44" hits="196" branch="False" />
            <line number="45" hits="196" branch="False" />
            <line number="46" hits="196" branch="False" />
            <line number="47" hits="196" branch="False" />
            <line number="48" hits="196" branch="False" />
            <line number="49" hits="196" branch="False" />
            <line number="50" hits="196" branch="False" />
            <line number="51" hits="196" branch="False" />
            <line number="52" hits="196" branch="False" />
            <line number="53" hits="196" branch="False" />
            <line number="54" hits="196" branch="False" />
            <line number="55" hits="196" branch="False" />
            <line number="56" hits="196" branch="False" />
            <line number="57" hits="196" branch="False" />
            <line number="58" hits="196" branch="False" />
            <line number="59" hits="196" branch="False" />
            <line number="60" hits="196" branch="False" />
            <line number="61" hits="196" branch="False" />
            <line number="62" hits="196" branch="False" />
            <line number="63" hits="196" branch="False" />
            <line number="64" hits="196" branch="False" />
            <line number="65" hits="196" branch="False" />
            <line number="66" hits="196" branch="False" />
            <line number="67" hits="196" branch="False" />
            <line number="68" hits="196" branch="False" />
            <line number="69" hits="196" branch="False" />
            <line number="70" hits="196" branch="False" />
            <line number="71" hits="196" branch="False" />
            <line number="72" hits="196" branch="False" />
            <line number="73" hits="196" branch="False" />
          </lines>
        </class>
        <class name="CrudKit.SourceGen.Models.PropertyMetadata" filename="Models\PropertyMetadata.cs" line-rate="0.9215000000000001" branch-rate="1" complexity="17">
          <methods>
            <method name="get_Name" signature="()" line-rate="1" branch-rate="1" complexity="1">
              <lines>
                <line number="8" hits="870" branch="False" />
              </lines>
            </method>
            <method name="get_TypeName" signature="()" line-rate="1" branch-rate="1" complexity="1">
              <lines>
                <line number="11" hits="585" branch="False" />
              </lines>
            </method>
            <method name="get_FullTypeName" signature="()" line-rate="0" branch-rate="1" complexity="1">
              <lines>
                <line number="14" hits="0" branch="False" />
              </lines>
            </method>
            <method name="get_IsNullable" signature="()" line-rate="1" branch-rate="1" complexity="1">
              <lines>
                <line number="17" hits="549" branch="False" />
              </lines>
            </method>
            <method name="get_IsRequired" signature="()" line-rate="1" branch-rate="1" complexity="1">
              <lines>
                <line number="20" hits="286" branch="False" />
              </lines>
            </method>
            <method name="get_HasMaxLength" signature="()" line-rate="1" branch-rate="1" complexity="1">
              <lines>
                <line number="21" hits="143" branch="False" />
              </lines>
            </method>
            <method name="get_MaxLength" signature="()" line-rate="1" branch-rate="1" complexity="1">
              <lines>
                <line number="22" hits="12" branch="False" />
              </lines>
            </method>
            <method name="get_HasRange" signature="()" line-rate="1" branch-rate="1" complexity="1">
              <lines>
                <line number="23" hits="143" branch="False" />
              </lines>
            </method>
            <method name="get_RangeMin" signature="()" line-rate="1" branch-rate="1" complexity="1">
              <lines>
                <line number="24" hits="12" branch="False" />
              </lines>
            </method>
            <method name="get_RangeMax" signature="()" line-rate="1" branch-rate="1" complexity="1">
              <lines>
                <line number="25" hits="12" branch="False" />
              </lines>
            </method>
            <method name="get_IsHashed" signature="()" line-rate="0" branch-rate="1" complexity="1">
              <lines>
                <line number="26" hits="0" branch="False" />
              </lines>
            </method>
            <method name="get_IsProtected" signature="()" line-rate="1" branch-rate="1" complexity="1">
              <lines>
                <line number="27" hits="666" branch="False" />
              </lines>
            </method>
            <method name="get_IsSkipUpdate" signature="()" line-rate="1" branch-rate="1" complexity="1">
              <lines>
                <line number="28" hits="297" branch="False" />
              </lines>
            </method>
            <method name="get_IsSkipResponse" signature="()" line-rate="1" branch-rate="1" complexity="1">
              <lines>
                <line number="29" hits="344" branch="False" />
              </lines>
            </method>
            <method name="get_IsUnique" signature="()" line-rate="0" branch-rate="1" complexity="1">
              <lines>
                <line number="30" hits="0" branch="False" />
              </lines>
            </method>
            <method name="get_IsSearchable" signature="()" line-rate="0" branch-rate="1" complexity="1">
              <lines>
                <line number="31" hits="0" branch="False" />
              </lines>
            </method>
            <method name=".ctor" signature="(System.String,System.String,System.String,System.Boolean,System.Boolean,System.Boolean,System.Int32,System.Boolean,System.String,System.String,System.Boolean,System.Boolean,System.Boolean,System.Boolean,System.Boolean,System.Boolean)" line-rate="1" branch-rate="1" complexity="1">
              <lines>
                <line number="33" hits="516" branch="False" />
                <line number="34" hits="516" branch="False" />
                <line number="35" hits="516" branch="False" />
                <line number="36" hits="516" branch="False" />
                <line number="37" hits="516" branch="False" />
                <line number="38" hits="516" branch="False" />
                <line number="39" hits="516" branch="False" />
                <line number="40" hits="516" branch="False" />
                <line number="41" hits="516" branch="False" />
                <line number="42" hits="516" branch="False" />
                <line number="43" hits="516" branch="False" />
                <line number="44" hits="516" branch="False" />
                <line number="45" hits="516" branch="False" />
                <line number="46" hits="516" branch="False" />
                <line number="47" hits="516" branch="False" />
                <line number="48" hits="516" branch="False" />
                <line number="49" hits="516" branch="False" />
                <line number="50" hits="516" branch="False" />
                <line number="51" hits="516" branch="False" />
                <line number="52" hits="516" branch="False" />
                <line number="53" hits="516" branch="False" />
                <line number="54" hits="516" branch="False" />
                <line number="55" hits="516" branch="False" />
                <line number="56" hits="516" branch="False" />
                <line number="57" hits="516" branch="False" />
                <line number="58" hits="516" branch="False" />
                <line number="59" hits="516" branch="False" />
                <line number="60" hits="516" branch="False" />
                <line number="61" hits="516" branch="False" />
                <line number="62" hits="516" branch="False" />
                <line number="63" hits="516" branch="False" />
                <line number="64" hits="516" branch="False" />
                <line number="65" hits="516" branch="False" />
                <line number="66" hits="516" branch="False" />
                <line number="67" hits="516" branch="False" />
              </lines>
            </method>
          </methods>
          <lines>
            <line number="8" hits="870" branch="False" />
            <line number="11" hits="585" branch="False" />
            <line number="14" hits="0" branch="False" />
            <line number="17" hits="549" branch="False" />
            <line number="20" hits="286" branch="False" />
            <line number="21" hits="143" branch="False" />
            <line number="22" hits="12" branch="False" />
            <line number="23" hits="143" branch="False" />
            <line number="24" hits="12" branch="False" />
            <line number="25" hits="12" branch="False" />
            <line number="26" hits="0" branch="False" />
            <line number="27" hits="666" branch="False" />
            <line number="28" hits="297" branch="False" />
            <line number="29" hits="344" branch="False" />
            <line number="30" hits="0" branch="False" />
            <line number="31" hits="0" branch="False" />
            <line number="33" hits="516" branch="False" />
            <line number="34" hits="516" branch="False" />
            <line number="35" hits="516" branch="False" />
            <line number="36" hits="516" branch="False" />
            <line number="37" hits="516" branch="False" />
            <line number="38" hits="516" branch="False" />
            <line number="39" hits="516" branch="False" />
            <line number="40" hits="516" branch="False" />
            <line number="41" hits="516" branch="False" />
            <line number="42" hits="516" branch="False" />
            <line number="43" hits="516" branch="False" />
            <line number="44" hits="516" branch="False" />
            <line number="45" hits="516" branch="False" />
            <line number="46" hits="516" branch="False" />
            <line number="47" hits="516" branch="False" />
            <line number="48" hits="516" branch="False" />
            <line number="49" hits="516" branch="False" />
            <line number="50" hits="516" branch="False" />
            <line number="51" hits="516" branch="False" />
            <line number="52" hits="516" branch="False" />
            <line number="53" hits="516" branch="False" />
            <line number="54" hits="516" branch="False" />
            <line number="55" hits="516" branch="False" />
            <line number="56" hits="516" branch="False" />
            <line number="57" hits="516" branch="False" />
            <line number="58" hits="516" branch="False" />
            <line number="59" hits="516" branch="False" />
            <line number="60" hits="516" branch="False" />
            <line number="61" hits="516" branch="False" />
            <line number="62" hits="516" branch="False" />
            <line number="63" hits="516" branch="False" />
            <line number="64" hits="516" branch="False" />
            <line number="65" hits="516" branch="False" />
            <line number="66" hits="516" branch="False" />
            <line number="67" hits="516" branch="False" />
          </lines>
        </class>
        <class name="CrudKit.SourceGen.Generators.CreateDtoGenerator" filename="Generators\CreateDtoGenerator.cs" line-rate="0.9016" branch-rate="0.581" complexity="74">
          <methods>
            <method name="Generate" signature="(CrudKit.SourceGen.Models.EntityMetadata)" line-rate="0.9387000000000001" branch-rate="0.9582999999999999" complexity="24">
              <lines>
                <line number="18" hits="64" branch="False" />
                <line number="19" hits="64" branch="True" condition-coverage="100% (2/2)">
                  <conditions>
                    <condition number="12" type="jump" coverage="100%" />
                  </conditions>
                </line>
                <line number="20" hits="11" branch="False" />
                <line number="23" hits="53" branch="False" />
                <line number="24" hits="481" branch="True" condition-coverage="100% (2/2)">
                  <conditions>
                    <condition number="86" type="jump" coverage="100%" />
                  </conditions>
                </line>
                <line number="25" hits="161" branch="False" />
                <line number="26" hits="161" branch="True" condition-coverage="100% (2/2)">
                  <conditions>
                    <condition number="67" type="jump" coverage="100%" />
                  </conditions>
                </line>
                <line number="27" hits="143" branch="False" />
                <line number="28" hits="161" branch="False" />
                <line number="30" hits="53" branch="False" />
                <line number="32" hits="53" branch="False" />
                <line number="33" hits="53" branch="False" />
                <line number="34" hits="53" branch="False" />
                <line number="35" hits="53" branch="False" />
                <line number="36" hits="53" branch="False" />
                <line number="37" hits="53" branch="False" />
                <line number="38" hits="53" branch="False" />
                <line number="39" hits="53" branch="False" />
                <line number="40" hits="53" branch="False" />
                <line number="42" hits="53" branch="True" condition-coverage="50% (1/2)">
                  <conditions>
                    <condition number="247" type="jump" coverage="50%" />
                  </conditions>
                </line>
                <line number="43" hits="0" branch="False" />
                <line number="44" hits="0" branch="False" />
                <line number="45" hits="0" branch="False" />
                <line number="47" hits="53" branch="False" />
                <line number="48" hits="53" branch="False" />
                <line number="49" hits="392" branch="True" condition-coverage="100% (2/2)">
                  <conditions>
                    <condition number="640" type="jump" coverage="100%" />
                  </conditions>
                </line>
                <line number="50" hits="143" branch="False" />
                <line number="51" hits="143" branch="False" />
                <line number="52" hits="143" branch="False" />
                <line number="55" hits="143" branch="True" condition-coverage="100% (2/2)">
                  <conditions>
                    <condition number="320" type="jump" coverage="100%" />
                  </conditions>
                </line>
                <line number="56" hits="18" branch="False" />
                <line number="57" hits="143" branch="True" condition-coverage="100% (2/2)">
                  <conditions>
                    <condition number="345" type="jump" coverage="100%" />
                  </conditions>
                </line>
                <line number="58" hits="12" branch="False" />
                <line number="59" hits="143" branch="True" condition-coverage="100% (2/2)">
                  <conditions>
                    <condition number="387" type="jump" coverage="100%" />
                  </conditions>
                </line>
                <line number="60" hits="12" branch="False" />
                <line number="62" hits="143" branch="True" condition-coverage="100% (4/4)">
                  <conditions>
                    <condition number="458" type="jump" coverage="100%" />
                    <condition number="477" type="jump" coverage="100%" />
                  </conditions>
                </line>
                <line number="63" hits="143" branch="False" />
                <line number="64" hits="143" branch="False" />
                <line number="66" hits="143" branch="False" />
                <line number="67" hits="143" branch="False" />
                <line number="68" hits="143" branch="True" condition-coverage="100% (2/2)">
                  <conditions>
                    <condition number="561" type="jump" coverage="100%" />
                  </conditions>
                </line>
                <line number="69" hits="125" branch="False" />
                <line number="71" hits="143" branch="True" condition-coverage="100% (2/2)">
                  <conditions>
                    <condition number="591" type="jump" coverage="100%" />
                  </conditions>
                </line>
                <line number="72" hits="90" branch="False" />
                <line number="74" hits="53" branch="False" />
                <line number="75" hits="143" branch="False" />
                <line number="76" hits="53" branch="False" />
                <line number="78" hits="53" branch="False" />
                <line number="79" hits="64" branch="False" />
              </lines>
            </method>
            <method name="GetDefaultValue" signature="(CrudKit.SourceGen.Models.PropertyMetadata)" line-rate="0.75" branch-rate="0.4" complexity="50">
              <lines>
                <line number="84" hits="143" branch="False" />
                <line number="85" hits="143" branch="True" condition-coverage="100% (2/2)">
                  <conditions>
                    <condition number="9" type="jump" coverage="100%" />
                  </conditions>
                </line>
                <line number="86" hits="18" branch="False" />
                <line number="88" hits="125" branch="True" condition-coverage="100% (2/2)">
                  <conditions>
                    <condition number="30" type="jump" coverage="100%" />
                  </conditions>
                </line>
                <line number="89" hits="18" branch="False" />
                <line number="92" hits="107" branch="True" condition-coverage="34.78% (16/46)">
                  <conditions>
                    <condition number="69" type="jump" coverage="50%" />
                    <condition number="78" type="jump" coverage="100%" />
                    <condition number="87" type="jump" coverage="100%" />
                    <condition number="118" type="jump" coverage="50%" />
                    <condition number="132" type="jump" coverage="50%" />
                    <condition number="160" type="jump" coverage="0%" />
                    <condition number="169" type="jump" coverage="0%" />
                    <condition number="200" type="jump" coverage="0%" />
                    <condition number="211" type="jump" coverage="0%" />
                    <condition number="101" type="jump" coverage="50%" />
                    <condition number="143" type="jump" coverage="0%" />
                    <condition number="222" type="jump" coverage="0%" />
                    <condition number="183" type="jump" coverage="0%" />
                    <condition number="243" type="jump" coverage="50%" />
                    <condition number="264" type="jump" coverage="50%" />
                    <condition number="285" type="jump" coverage="50%" />
                    <condition number="303" type="jump" coverage="50%" />
                    <condition number="318" type="jump" coverage="50%" />
                    <condition number="333" type="jump" coverage="50%" />
                    <condition number="348" type="jump" coverage="50%" />
                    <condition number="363" type="jump" coverage="50%" />
                    <condition number="378" type="jump" coverage="0%" />
                    <condition number="393" type="jump" coverage="0%" />
                  </conditions>
                </line>
                <line number="94" hits="77" branch="False" />
                <line number="101" hits="30" branch="False" />
                <line number="102" hits="0" branch="False" />
                <line number="103" hits="0" branch="False" />
                <line number="104" hits="0" branch="False" />
                <line number="106" hits="143" branch="False" />
              </lines>
            </method>
          </methods>
          <lines>
            <line number="18" hits="64" branch="False" />
            <line number="19" hits="64" branch="True" condition-coverage="100% (2/2)">
              <conditions>
                <condition number="12" type="jump" coverage="100%" />
              </conditions>
            </line>
            <line number="20" hits="11" branch="False" />
            <line number="23" hits="53" branch="False" />
            <line number="24" hits="481" branch="True" condition-coverage="100% (2/2)">
              <conditions>
                <condition number="86" type="jump" coverage="100%" />
              </conditions>
            </line>
            <line number="25" hits="161" branch="False" />
            <line number="26" hits="161" branch="True" condition-coverage="100% (2/2)">
              <conditions>
                <condition number="67" type="jump" coverage="100%" />
              </conditions>
            </line>
            <line number="27" hits="143" branch="False" />
            <line number="28" hits="161" branch="False" />
            <line number="30" hits="53" branch="False" />
            <line number="32" hits="53" branch="False" />
            <line number="33" hits="53" branch="False" />
            <line number="34" hits="53" branch="False" />
            <line number="35" hits="53" branch="False" />
            <line number="36" hits="53" branch="False" />
            <line number="37" hits="53" branch="False" />
            <line number="38" hits="53" branch="False" />
            <line number="39" hits="53" branch="False" />
            <line number="40" hits="53" branch="False" />
            <line number="42" hits="53" branch="True" condition-coverage="50% (1/2)">
              <conditions>
                <condition number="247" type="jump" coverage="50%" />
              </conditions>
            </line>
            <line number="43" hits="0" branch="False" />
            <line number="44" hits="0" branch="False" />
            <line number="45" hits="0" branch="False" />
            <line number="47" hits="53" branch="False" />
            <line number="48" hits="53" branch="False" />
            <line number="49" hits="392" branch="True" condition-coverage="100% (2/2)">
              <conditions>
                <condition number="640" type="jump" coverage="100%" />
              </conditions>
            </line>
            <line number="50" hits="143" branch="False" />
            <line number="51" hits="143" branch="False" />
            <line number="52" hits="143" branch="False" />
            <line number="55" hits="143" branch="True" condition-coverage="100% (2/2)">
              <conditions>
                <condition number="320" type="jump" coverage="100%" />
              </conditions>
            </line>
            <line number="56" hits="18" branch="False" />
            <line number="57" hits="143" branch="True" condition-coverage="100% (2/2)">
              <conditions>
                <condition number="345" type="jump" coverage="100%" />
              </conditions>
            </line>
            <line number="58" hits="12" branch="False" />
            <line number="59" hits="143" branch="True" condition-coverage="100% (2/2)">
              <conditions>
                <condition number="387" type="jump" coverage="100%" />
              </conditions>
            </line>
            <line number="60" hits="12" branch="False" />
            <line number="62" hits="143" branch="True" condition-coverage="100% (4/4)">
              <conditions>
                <condition number="458" type="jump" coverage="100%" />
                <condition number="477" type="jump" coverage="100%" />
              </conditions>
            </line>
            <line number="63" hits="143" branch="False" />
            <line number="64" hits="143" branch="False" />
            <line number="66" hits="143" branch="False" />
            <line number="67" hits="143" branch="False" />
            <line number="68" hits="143" branch="True" condition-coverage="100% (2/2)">
              <conditions>
                <condition number="561" type="jump" coverage="100%" />
              </conditions>
            </line>
            <line number="69" hits="125" branch="False" />
            <line number="71" hits="143" branch="True" condition-coverage="100% (2/2)">
              <conditions>
                <condition number="591" type="jump" coverage="100%" />
              </conditions>
            </line>
            <line number="72" hits="90" branch="False" />
            <line number="74" hits="53" branch="False" />
            <line number="75" hits="143" branch="False" />
            <line number="76" hits="53" branch="False" />
            <line number="78" hits="53" branch="False" />
            <line number="79" hits="64" branch="False" />
            <line number="84" hits="143" branch="False" />
            <line number="85" hits="143" branch="True" condition-coverage="100% (2/2)">
              <conditions>
                <condition number="9" type="jump" coverage="100%" />
              </conditions>
            </line>
            <line number="86" hits="18" branch="False" />
            <line number="88" hits="125" branch="True" condition-coverage="100% (2/2)">
              <conditions>
                <condition number="30" type="jump" coverage="100%" />
              </conditions>
            </line>
            <line number="89" hits="18" branch="False" />
            <line number="92" hits="107" branch="True" condition-coverage="34.78% (16/46)">
              <conditions>
                <condition number="69" type="jump" coverage="50%" />
                <condition number="78" type="jump" coverage="100%" />
                <condition number="87" type="jump" coverage="100%" />
                <condition number="118" type="jump" coverage="50%" />
                <condition number="132" type="jump" coverage="50%" />
                <condition number="160" type="jump" coverage="0%" />
                <condition number="169" type="jump" coverage="0%" />
                <condition number="200" type="jump" coverage="0%" />
                <condition number="211" type="jump" coverage="0%" />
                <condition number="101" type="jump" coverage="50%" />
                <condition number="143" type="jump" coverage="0%" />
                <condition number="222" type="jump" coverage="0%" />
                <condition number="183" type="jump" coverage="0%" />
                <condition number="243" type="jump" coverage="50%" />
                <condition number="264" type="jump" coverage="50%" />
                <condition number="285" type="jump" coverage="50%" />
                <condition number="303" type="jump" coverage="50%" />
                <condition number="318" type="jump" coverage="50%" />
                <condition number="333" type="jump" coverage="50%" />
                <condition number="348" type="jump" coverage="50%" />
                <condition number="363" type="jump" coverage="50%" />
                <condition number="378" type="jump" coverage="0%" />
                <condition number="393" type="jump" coverage="0%" />
              </conditions>
            </line>
[...]
              <conditions>
                <condition number="81" type="jump" coverage="100%" />
              </conditions>
            </line>
            <line number="26" hits="20" branch="False" />
            <line number="28" hits="64" branch="True" condition-coverage="100% (2/2)">
              <conditions>
                <condition number="113" type="jump" coverage="100%" />
              </conditions>
            </line>
            <line number="29" hits="9" branch="False" />
            <line number="32" hits="536" branch="True" condition-coverage="100% (2/2)">
              <conditions>
                <condition number="263" type="jump" coverage="100%" />
              </conditions>
            </line>
            <line number="33" hits="172" branch="False" />
            <line number="34" hits="172" branch="True" condition-coverage="100% (2/2)">
              <conditions>
                <condition number="174" type="jump" coverage="100%" />
              </conditions>
            </line>
            <line number="35" hits="20" branch="False" />
            <line number="37" hits="152" branch="True" condition-coverage="100% (4/4)">
              <conditions>
                <condition number="185" type="jump" coverage="100%" />
                <condition number="204" type="jump" coverage="100%" />
              </conditions>
            </line>
            <line number="38" hits="152" branch="False" />
            <line number="39" hits="152" branch="False" />
            <line number="41" hits="152" branch="False" />
            <line number="42" hits="152" branch="False" />
            <line number="44" hits="64" branch="False" />
            <line number="46" hits="64" branch="False" />
            <line number="47" hits="64" branch="False" />
            <line number="48" hits="64" branch="False" />
            <line number="49" hits="64" branch="False" />
            <line number="50" hits="64" branch="False" />
            <line number="51" hits="64" branch="False" />
            <line number="52" hits="64" branch="False" />
            <line number="53" hits="64" branch="False" />
            <line number="54" hits="64" branch="False" />
            <line number="55" hits="64" branch="False" />
            <line number="57" hits="874" branch="True" condition-coverage="100% (2/2)">
              <conditions>
                <condition number="545" type="jump" coverage="100%" />
              </conditions>
            </line>
            <line number="58" hits="373" branch="False" />
            <line number="59" hits="373" branch="False" />
            <line number="60" hits="373" branch="False" />
            <line number="62" hits="373" branch="False" />
            <line number="63" hits="373" branch="True" condition-coverage="100% (2/2)">
              <conditions>
                <condition number="496" type="jump" coverage="100%" />
              </conditions>
            </line>
            <line number="64" hits="309" branch="False" />
            <line number="66" hits="64" branch="False" />
            <line number="67" hits="373" branch="False" />
            <line number="69" hits="64" branch="False" />
            <line number="70" hits="64" branch="False" />
          </lines>
        </class>
        <class name="CrudKit.SourceGen.Generators.UpdateDtoGenerator" filename="Generators\UpdateDtoGenerator.cs" line-rate="0.925" branch-rate="0.9444" complexity="18">
          <methods>
            <method name="Generate" signature="(CrudKit.SourceGen.Models.EntityMetadata)" line-rate="0.925" branch-rate="0.9444" complexity="18">
              <lines>
                <line number="18" hits="64" branch="False" />
                <line number="19" hits="64" branch="True" condition-coverage="100% (2/2)">
                  <conditions>
                    <condition number="12" type="jump" coverage="100%" />
                  </conditions>
                </line>
                <line number="20" hits="11" branch="False" />
                <line number="23" hits="53" branch="False" />
                <line number="24" hits="481" branch="True" condition-coverage="100% (2/2)">
                  <conditions>
                    <condition number="98" type="jump" coverage="100%" />
                  </conditions>
                </line>
                <line number="25" hits="161" branch="False" />
                <line number="26" hits="161" branch="True" condition-coverage="100% (4/4)">
                  <conditions>
                    <condition number="60" type="jump" coverage="100%" />
                    <condition number="79" type="jump" coverage="100%" />
                  </conditions>
                </line>
                <line number="27" hits="129" branch="False" />
                <line number="28" hits="161" branch="False" />
                <line number="30" hits="53" branch="False" />
                <line number="32" hits="53" branch="False" />
                <line number="33" hits="53" branch="False" />
                <line number="34" hits="53" branch="False" />
                <line number="35" hits="53" branch="False" />
                <line number="36" hits="53" branch="False" />
                <line number="37" hits="53" branch="False" />
                <line number="38" hits="53" branch="False" />
                <line number="39" hits="53" branch="False" />
                <line number="40" hits="53" branch="False" />
                <line number="42" hits="53" branch="True" condition-coverage="50% (1/2)">
                  <conditions>
                    <condition number="259" type="jump" coverage="50%" />
                  </conditions>
                </line>
                <line number="43" hits="0" branch="False" />
                <line number="44" hits="0" branch="False" />
                <line number="45" hits="0" branch="False" />
                <line number="47" hits="53" branch="False" />
                <line number="48" hits="53" branch="False" />
                <line number="49" hits="364" branch="True" condition-coverage="100% (2/2)">
                  <conditions>
                    <condition number="492" type="jump" coverage="100%" />
                  </conditions>
                </line>
                <line number="50" hits="129" branch="False" />
                <line number="51" hits="129" branch="False" />
                <line number="52" hits="129" branch="False" />
                <line number="55" hits="129" branch="True" condition-coverage="100% (4/4)">
                  <conditions>
                    <condition number="328" type="jump" coverage="100%" />
                    <condition number="347" type="jump" coverage="100%" />
                  </conditions>
                </line>
                <line number="56" hits="129" branch="False" />
                <line number="57" hits="129" branch="False" />
                <line number="59" hits="129" branch="False" />
                <line number="61" hits="129" branch="True" condition-coverage="100% (2/2)">
                  <conditions>
                    <condition number="443" type="jump" coverage="100%" />
                  </conditions>
                </line>
                <line number="62" hits="76" branch="False" />
                <line number="64" hits="53" branch="False" />
                <line number="65" hits="129" branch="False" />
                <line number="66" hits="53" branch="False" />
                <line number="68" hits="53" branch="False" />
                <line number="69" hits="64" branch="False" />
              </lines>
            </method>
          </methods>
          <lines>
            <line number="18" hits="64" branch="False" />
            <line number="19" hits="64" branch="True" condition-coverage="100% (2/2)">
              <conditions>
                <condition number="12" type="jump" coverage="100%" />
              </conditions>
            </line>
            <line number="20" hits="11" branch="False" />
            <line number="23" hits="53" branch="False" />
            <line number="24" hits="481" branch="True" condition-coverage="100% (2/2)">
              <conditions>
                <condition number="98" type="jump" coverage="100%" />
              </conditions>
            </line>
            <line number="25" hits="161" branch="False" />
            <line number="26" hits="161" branch="True" condition-coverage="100% (4/4)">
              <conditions>
                <condition number="60" type="jump" coverage="100%" />
                <condition number="79" type="jump" coverage="100%" />
              </conditions>
            </line>
            <line number="27" hits="129" branch="False" />
            <line number="28" hits="161" branch="False" />
            <line number="30" hits="53" branch="False" />
            <line number="32" hits="53" branch="False" />
            <line number="33" hits="53" branch="False" />
            <line number="34" hits="53" branch="False" />
            <line number="35" hits="53" branch="False" />
            <line number="36" hits="53" branch="False" />
            <line number="37" hits="53" branch="False" />
            <line number="38" hits="53" branch="False" />
            <line number="39" hits="53" branch="False" />
            <line number="40" hits="53" branch="False" />
            <line number="42" hits="53" branch="True" condition-coverage="50% (1/2)">
              <conditions>
                <condition number="259" type="jump" coverage="50%" />
              </conditions>
            </line>
            <line number="43" hits="0" branch="False" />
            <line number="44" hits="0" branch="False" />
            <line number="45" hits="0" branch="False" />
            <line number="47" hits="53" branch="False" />
            <line number="48" hits="53" branch="False" />
            <line number="49" hits="364" branch="True" condition-coverage="100% (2/2)">
              <conditions>
                <condition number="492" type="jump" coverage="100%" />
              </conditions>
            </line>
            <line number="50" hits="129" branch="False" />
            <line number="51" hits="129" branch="False" />
            <line number="52" hits="129" branch="False" />
            <line number="55" hits="129" branch="True" condition-coverage="100% (4/4)">
              <conditions>
                <condition number="328" type="jump" coverage="100%" />
                <condition number="347" type="jump" coverage="100%" />
              </conditions>
            </line>
            <line number="56" hits="129" branch="False" />
            <line number="57" hits="129" branch="False" />
            <line number="59" hits="129" branch="False" />
            <line number="61" hits="129" branch="True" condition-coverage="100% (2/2)">
              <conditions>
                <condition number="443" type="jump" coverage="100%" />
              </conditions>
            </line>
            <line number="62" hits="76" branch="False" />
            <line number="64" hits="53" branch="False" />
            <line number="65" hits="129" branch="False" />
            <line number="66" hits="53" branch="False" />
            <line number="68" hits="53" branch="False" />
            <line number="69" hits="64" branch="False" />
          </lines>
        </class>
        <class name="CrudKit.SourceGen.Diagnostics.DiagnosticDescriptors" filename="Diagnostics\DiagnosticDescriptors.cs" line-rate="1" branch-rate="1" complexity="1">
          <methods>
            <method name=".cctor" signature="()" line-rate="1" branch-rate="1" complexity="1">
              <lines>
                <line number="16" hits="1" branch="False" />
                <line number="17" hits="1" branch="False" />
                <line number="18" hits="1" branch="False" />
                <line number="19" hits="1" branch="False" />
                <line number="20" hits="1" branch="False" />
                <line number="21" hits="1" branch="False" />
                <line number="22" hits="1" branch="False" />
                <line number="23" hits="1" branch="False" />
                <line number="28" hits="1" branch="False" />
                <line number="29" hits="1" branch="False" />
                <line number="30" hits="1" branch="False" />
                <line number="31" hits="1" branch="False" />
                <line number="32" hits="1" branch="False" />
                <line number="33" hits="1" branch="False" />
                <line number="34" hits="1" branch="False" />
                <line number="35" hits="1" branch="False" />
                <line number="40" hits="1" branch="False" />
                <line number="41" hits="1" branch="False" />
                <line number="42" hits="1" branch="False" />
                <line number="43" hits="1" branch="False" />
                <line number="44" hits="1" branch="False" />
                <line number="45" hits="1" branch="False" />
                <line number="46" hits="1" branch="False" />
                <line number="47" hits="1" branch="False" />
              </lines>
            </method>
          </methods>
          <lines>
            <line number="16" hits="1" branch="False" />
            <line number="17" hits="1" branch="False" />
            <line number="18" hits="1" branch="False" />
            <line number="19" hits="1" branch="False" />
            <line number="20" hits="1" branch="False" />
            <line number="21" hits="1" branch="False" />
            <line number="22" hits="1" branch="False" />
            <line number="23" hits="1" branch="False" />
            <line number="28" hits="1" branch="False" />
            <line number="29" hits="1" branch="False" />
            <line number="30" hits="1" branch="False" />
            <line number="31" hits="1" branch="False" />
            <line number="32" hits="1" branch="False" />
            <line number="33" hits="1" branch="False" />
            <line number="34" hits="1" branch="False" />
            <line number="35" hits="1" branch="False" />
            <line number="40" hits="1" branch="False" />
            <line number="41" hits="1" branch="False" />
            <line number="42" hits="1" branch="False" />
            <line number="43" hits="1" branch="False" />
            <line number="44" hits="1" branch="False" />
            <line number="45" hits="1" branch="False" />
            <line number="46" hits="1" branch="False" />
            <line number="47" hits="1" branch="False" />
          </lines>
        </class>
        <class name="CrudKit.SourceGen.Diagnostics.EntityValidator" filename="Diagnostics\EntityValidator.cs" line-rate="1" branch-rate="1" complexity="10">
          <methods>
            <method name="Validate" signature="(CrudKit.SourceGen.Models.EntityMetadata,Microsoft.CodeAnalysis.Location)" line-rate="1" branch-rate="1" complexity="10">
              <lines>
                <line number="21" hits="68" branch="False" />
                <line number="22" hits="68" branch="False" />
                <line number="23" hits="68" branch="True" condition-coverage="100% (2/2)">
                  <conditions>
                    <condition number="9" type="jump" coverage="100%" />
                  </conditions>
                </line>
                <line number="26" hits="68" branch="True" condition-coverage="100% (2/2)">
                  <conditions>
                    <condition number="29" type="jump" coverage="100%" />
                  </conditions>
                </line>
                <line number="27" hits="1" branch="False" />
                <line number="28" hits="1" branch="False" />
                <line number="29" hits="1" branch="False" />
                <line number="30" hits="1" branch="False" />
                <line number="31" hits="1" branch="False" />
                <line number="32" hits="1" branch="False" />
                <line number="35" hits="68" branch="True" condition-coverage="100% (4/4)">
                  <conditions>
                    <condition number="72" type="jump" coverage="100%" />
                    <condition number="88" type="jump" coverage="100%" />
                  </conditions>
                </line>
                <line number="36" hits="1" branch="False" />
                <line number="37" hits="1" branch="False" />
                <line number="38" hits="1" branch="False" />
                <line number="39" hits="1" branch="False" />
                <line number="40" hits="1" branch="False" />
                <line number="41" hits="1" branch="False" />
                <line number="49" hits="68" branch="True" condition-coverage="100% (2/2)">
                  <conditions>
                    <condition number="140" type="jump" coverage="100%" />
                  </conditions>
                </line>
                <line number="50" hits="1" branch="False" />
                <line number="51" hits="1" branch="False" />
                <line number="52" hits="1" branch="False" />
                <line number="53" hits="1" branch="False" />
                <line number="54" hits="1" branch="False" />
                <line number="55" hits="1" branch="False" />
                <line number="57" hits="68" branch="False" />
                <line number="58" hits="68" branch="False" />
              </lines>
            </method>
          </methods>
          <lines>
            <line number="21" hits="68" branch="False" />
            <line number="22" hits="68" branch="False" />
            <line number="23" hits="68" branch="True" condition-coverage="100% (2/2)">
              <conditions>
                <condition number="9" type="jump" coverage="100%" />
              </conditions>
            </line>
            <line number="26" hits="68" branch="True" condition-coverage="100% (2/2)">
              <conditions>
                <condition number="29" type="jump" coverage="100%" />
              </conditions>
            </line>
            <line number="27" hits="1" branch="False" />
            <line number="28" hits="1" branch="False" />
            <line number="29" hits="1" branch="False" />
            <line number="30" hits="1" branch="False" />
            <line number="31" hits="1" branch="False" />
            <line number="32" hits="1" branch="False" />
            <line number="35" hits="68" branch="True" condition-coverage="100% (4/4)">
              <conditions>
                <condition number="72" type="jump" coverage="100%" />
                <condition number="88" type="jump" coverage="100%" />
              </conditions>
            </line>
            <line number="36" hits="1" branch="False" />
            <line number="37" hits="1" branch="False" />
            <line number="38" hits="1" branch="False" />
            <line number="39" hits="1" branch="False" />
            <line number="40" hits="1" branch="False" />
            <line number="41" hits="1" branch="False" />
            <line number="49" hits="68" branch="True" condition-coverage="100% (2/2)">
              <conditions>
                <condition number="140" type="jump" coverage="100%" />
              </conditions>
            </line>
            <line number="50" hits="1" branch="False" />
            <line number="51" hits="1" branch="False" />
            <line number="52" hits="1" branch="False" />
            <line number="53" hits="1" branch="False" />
            <line number="54" hits="1" branch="False" />
            <line number="55" hits="1" branch="False" />
            <line number="57" hits="68" branch="False" />
            <line number="58" hits="68" branch="False" />
          </lines>
        </class>
      </classes>
    </package>
  </packages>
</coverage>